[INFO] Scanning for projects...
[INFO] 
[INFO] -------------< io.github.glitteringuniverse:ops-workorder >-------------
[INFO] Building ops-workorder 1.0.0-SNAPSHOT
[INFO]   from pom.xml
[INFO] --------------------------------[ jar ]---------------------------------
[INFO] 
[INFO] >>> spring-boot:3.3.0:run (default-cli) > test-compile @ ops-workorder >>>
[INFO] 
[INFO] --- resources:3.3.1:resources (default-resources) @ ops-workorder ---
[INFO] Copying 1 resource from src/main/resources to target/classes
[INFO] Copying 4 resources from src/main/resources to target/classes
[INFO] 
[INFO] --- compiler:3.11.0:compile (default-compile) @ ops-workorder ---
[INFO] Nothing to compile - all classes are up to date
[INFO] 
[INFO] --- resources:3.3.1:testResources (default-testResources) @ ops-workorder ---
[INFO] skip non existing resourceDirectory /Users/wushuo/Desktop/软工大作业/ops-workorder-simple-gh/backend/src/test/resources
[INFO] 
[INFO] --- compiler:3.11.0:testCompile (default-testCompile) @ ops-workorder ---
[INFO] No sources to compile
[INFO] 
[INFO] <<< spring-boot:3.3.0:run (default-cli) < test-compile @ ops-workorder <<<
[INFO] 
[INFO] 
[INFO] --- spring-boot:3.3.0:run (default-cli) @ ops-workorder ---
[INFO] Attaching agents: []
  .   ____          _            __ _ _
 /\\ / ___'_ __ _ _(_)_ __  __ _ \ \ \ \
( ( )\___ | '_ | '_| | '_ \/ _` | \ \ \ \
 \\/  ___)| |_)| | | | | || (_| |  ) ) ) )
  '  |____| .__|_| |_|_| |_\__, | / / / /
 =========|_|==============|___/=/_/_/_/

 :: Spring Boot ::                (v3.3.0)

2025-06-24T16:07:58.551+08:00  INFO 81340 --- [           main] i.g.g.OpsWorkorderApplication            : Starting OpsWorkorderApplication using Java 21.0.7 with PID 81340 (/Users/wushuo/Desktop/软工大作业/ops-workorder-simple-gh/backend/target/classes started by wushuo in /Users/wushuo/Desktop/软工大作业/ops-workorder-simple-gh/backend)
2025-06-24T16:07:58.552+08:00  INFO 81340 --- [           main] i.g.g.OpsWorkorderApplication            : No active profile set, falling back to 1 default profile: "default"
2025-06-24T16:07:58.734+08:00  INFO 81340 --- [           main] .s.d.r.c.RepositoryConfigurationDelegate : Bootstrapping Spring Data JPA repositories in DEFAULT mode.
2025-06-24T16:07:58.751+08:00  INFO 81340 --- [           main] .s.d.r.c.RepositoryConfigurationDelegate : Finished Spring Data repository scanning in 15 ms. Found 4 JPA repository interfaces.
2025-06-24T16:07:58.898+08:00  INFO 81340 --- [           main] o.s.b.w.embedded.tomcat.TomcatWebServer  : Tomcat initialized with port 8080 (http)
2025-06-24T16:07:58.902+08:00  INFO 81340 --- [           main] o.apache.catalina.core.StandardService   : Starting service [Tomcat]
2025-06-24T16:07:58.902+08:00  INFO 81340 --- [           main] o.apache.catalina.core.StandardEngine    : Starting Servlet engine: [Apache Tomcat/10.1.24]
2025-06-24T16:07:58.915+08:00  INFO 81340 --- [           main] o.a.c.c.C.[Tomcat].[localhost].[/]       : Initializing Spring embedded WebApplicationContext
2025-06-24T16:07:58.915+08:00  INFO 81340 --- [           main] w.s.c.ServletWebServerApplicationContext : Root WebApplicationContext: initialization completed in 352 ms
2025-06-24T16:07:58.976+08:00  INFO 81340 --- [           main] com.zaxxer.hikari.HikariDataSource       : HikariPool-1 - Starting...
2025-06-24T16:07:59.031+08:00  INFO 81340 --- [           main] com.zaxxer.hikari.pool.HikariPool        : HikariPool-1 - Added connection com.mysql.cj.jdbc.ConnectionImpl@3fde2209
2025-06-24T16:07:59.032+08:00  INFO 81340 --- [           main] com.zaxxer.hikari.HikariDataSource       : HikariPool-1 - Start completed.
2025-06-24T16:07:59.055+08:00  INFO 81340 --- [           main] org.flywaydb.core.FlywayExecutor         : Database: jdbc:mysql://localhost:3306/ops (MySQL 8.4)
2025-06-24T16:07:59.063+08:00  WARN 81340 --- [           main] o.f.c.internal.database.base.Database    : Flyway upgrade recommended: MySQL 8.4 is newer than this version of Flyway and support has not been tested. The latest supported version of MySQL is 8.1.
2025-06-24T16:07:59.088+08:00  INFO 81340 --- [           main] o.f.core.internal.command.DbValidate     : Successfully validated 3 migrations (execution time 00:00.019s)
2025-06-24T16:07:59.097+08:00  INFO 81340 --- [           main] o.f.core.internal.command.DbMigrate      : Current version of schema `ops`: 3
2025-06-24T16:07:59.098+08:00  INFO 81340 --- [           main] o.f.core.internal.command.DbMigrate      : Schema `ops` is up to date. No migration necessary.
2025-06-24T16:07:59.123+08:00  INFO 81340 --- [           main] o.hibernate.jpa.internal.util.LogHelper  : HHH000204: Processing PersistenceUnitInfo [name: default]
2025-06-24T16:07:59.139+08:00  INFO 81340 --- [           main] org.hibernate.Version                    : HHH000412: Hibernate ORM core version 6.5.2.Final
2025-06-24T16:07:59.149+08:00  INFO 81340 --- [           main] o.h.c.internal.RegionFactoryInitiator    : HHH000026: Second-level cache disabled
2025-06-24T16:07:59.220+08:00  INFO 81340 --- [           main] o.s.o.j.p.SpringPersistenceUnitInfo      : No LoadTimeWeaver setup: ignoring JPA class transformer
2025-06-24T16:07:59.489+08:00  INFO 81340 --- [           main] o.h.e.t.j.p.i.JtaPlatformInitiator       : HHH000489: No JTA platform available (set 'hibernate.transaction.jta.platform' to enable JTA platform integration)
2025-06-24T16:07:59.503+08:00  INFO 81340 --- [           main] j.LocalContainerEntityManagerFactoryBean : Initialized JPA EntityManagerFactory for persistence unit 'default'
2025-06-24T16:07:59.589+08:00  INFO 81340 --- [           main] o.s.d.j.r.query.QueryEnhancerFactory     : Hibernate is in classpath; If applicable, HQL parser will be used.
2025-06-24T16:07:59.765+08:00  WARN 81340 --- [           main] JpaBaseConfiguration$JpaWebConfiguration : spring.jpa.open-in-view is enabled by default. Therefore, database queries may be performed during view rendering. Explicitly configure spring.jpa.open-in-view to disable this warning
2025-06-24T16:07:59.770+08:00  WARN 81340 --- [           main] .s.s.UserDetailsServiceAutoConfiguration : 

Using generated security password: 47f90658-ec6b-4116-8989-1aec3aef19f6

This generated password is for development use only. Your security configuration must be updated before running your application in production.

2025-06-24T16:07:59.772+08:00  INFO 81340 --- [           main] r$InitializeUserDetailsManagerConfigurer : Global AuthenticationManager configured with UserDetailsService bean with name inMemoryUserDetailsManager
2025-06-24T16:07:59.845+08:00  INFO 81340 --- [           main] o.s.s.web.DefaultSecurityFilterChain     : Will secure any request with [org.springframework.security.web.session.DisableEncodeUrlFilter@34b294c4, org.springframework.security.web.context.request.async.WebAsyncManagerIntegrationFilter@7b01f056, org.springframework.security.web.context.SecurityContextHolderFilter@71d92487, org.springframework.security.web.header.HeaderWriterFilter@6faa24, org.springframework.web.filter.CorsFilter@1caff0db, org.springframework.security.web.authentication.logout.LogoutFilter@248e31a1, org.springframework.security.web.savedrequest.RequestCacheAwareFilter@1acf7db2, org.springframework.security.web.servletapi.SecurityContextHolderAwareRequestFilter@6b1e72a4, org.springframework.security.web.authentication.AnonymousAuthenticationFilter@65899694, org.springframework.security.web.access.ExceptionTranslationFilter@7fda0e30, org.springframework.security.web.access.intercept.AuthorizationFilter@d884e9a]
2025-06-24T16:07:59.905+08:00  INFO 81340 --- [           main] o.s.b.w.embedded.tomcat.TomcatWebServer  : Tomcat started on port 8080 (http) with context path '/'
2025-06-24T16:07:59.908+08:00  INFO 81340 --- [           main] i.g.g.OpsWorkorderApplication            : Started OpsWorkorderApplication in 1.459 seconds (process running for 1.563)
2025-06-24T16:08:38.074+08:00  INFO 81340 --- [0.0-8080-exec-1] o.a.c.c.C.[Tomcat].[localhost].[/]       : Initializing Spring DispatcherServlet 'dispatcherServlet'
2025-06-24T16:08:38.075+08:00  INFO 81340 --- [0.0-8080-exec-1] o.s.web.servlet.DispatcherServlet        : Initializing Servlet 'dispatcherServlet'
2025-06-24T16:08:38.076+08:00  INFO 81340 --- [0.0-8080-exec-1] o.s.web.servlet.DispatcherServlet        : Completed initialization in 1 ms
Hibernate: select u1_0.id,u1_0.created_at,u1_0.department,u1_0.email,u1_0.enabled,u1_0.organization_level,u1_0.password,u1_0.phone,u1_0.real_name,u1_0.role,u1_0.updated_at,u1_0.username from users u1_0
Hibernate: select u1_0.id,u1_0.created_at,u1_0.department,u1_0.email,u1_0.enabled,u1_0.organization_level,u1_0.password,u1_0.phone,u1_0.real_name,u1_0.role,u1_0.updated_at,u1_0.username from users u1_0 where u1_0.username=?
Hibernate: select u1_0.id,u1_0.created_at,u1_0.department,u1_0.email,u1_0.enabled,u1_0.organization_level,u1_0.password,u1_0.phone,u1_0.real_name,u1_0.role,u1_0.updated_at,u1_0.username from users u1_0
Hibernate: select u1_0.id,u1_0.created_at,u1_0.department,u1_0.email,u1_0.enabled,u1_0.organization_level,u1_0.password,u1_0.phone,u1_0.real_name,u1_0.role,u1_0.updated_at,u1_0.username from users u1_0 where u1_0.username=?
Hibernate: select u1_0.id,u1_0.created_at,u1_0.department,u1_0.email,u1_0.enabled,u1_0.organization_level,u1_0.password,u1_0.phone,u1_0.real_name,u1_0.role,u1_0.updated_at,u1_0.username from users u1_0
Hibernate: select wo1_0.id,wo1_0.approved_at,wo1_0.approver_id,wo1_0.approver_name,wo1_0.assigned_at,wo1_0.assignee_id,wo1_0.assignee_name,wo1_0.category,wo1_0.completed_at,wo1_0.created_at,wo1_0.creator_dept,wo1_0.creator_id,wo1_0.creator_level,wo1_0.creator_name,wo1_0.deadline,wo1_0.description,wo1_0.priority,wo1_0.sla_minutes,wo1_0.status,wo1_0.title,wo1_0.updated_at,wo1_0.wo_code from work_order wo1_0
Hibernate: select wo1_0.id,wo1_0.approved_at,wo1_0.approver_id,wo1_0.approver_name,wo1_0.assigned_at,wo1_0.assignee_id,wo1_0.assignee_name,wo1_0.category,wo1_0.completed_at,wo1_0.created_at,wo1_0.creator_dept,wo1_0.creator_id,wo1_0.creator_level,wo1_0.creator_name,wo1_0.deadline,wo1_0.description,wo1_0.priority,wo1_0.sla_minutes,wo1_0.status,wo1_0.title,wo1_0.updated_at,wo1_0.wo_code from work_order wo1_0
Hibernate: select wo1_0.id,wo1_0.approved_at,wo1_0.approver_id,wo1_0.approver_name,wo1_0.assigned_at,wo1_0.assignee_id,wo1_0.assignee_name,wo1_0.category,wo1_0.completed_at,wo1_0.created_at,wo1_0.creator_dept,wo1_0.creator_id,wo1_0.creator_level,wo1_0.creator_name,wo1_0.deadline,wo1_0.description,wo1_0.priority,wo1_0.sla_minutes,wo1_0.status,wo1_0.title,wo1_0.updated_at,wo1_0.wo_code from work_order wo1_0
Hibernate: select wo1_0.id,wo1_0.approved_at,wo1_0.approver_id,wo1_0.approver_name,wo1_0.assigned_at,wo1_0.assignee_id,wo1_0.assignee_name,wo1_0.category,wo1_0.completed_at,wo1_0.created_at,wo1_0.creator_dept,wo1_0.creator_id,wo1_0.creator_level,wo1_0.creator_name,wo1_0.deadline,wo1_0.description,wo1_0.priority,wo1_0.sla_minutes,wo1_0.status,wo1_0.title,wo1_0.updated_at,wo1_0.wo_code from work_order wo1_0
Hibernate: select u1_0.id,u1_0.created_at,u1_0.department,u1_0.email,u1_0.enabled,u1_0.organization_level,u1_0.password,u1_0.phone,u1_0.real_name,u1_0.role,u1_0.updated_at,u1_0.username from users u1_0
Hibernate: select wo1_0.id,wo1_0.approved_at,wo1_0.approver_id,wo1_0.approver_name,wo1_0.assigned_at,wo1_0.assignee_id,wo1_0.assignee_name,wo1_0.category,wo1_0.completed_at,wo1_0.created_at,wo1_0.creator_dept,wo1_0.creator_id,wo1_0.creator_level,wo1_0.creator_name,wo1_0.deadline,wo1_0.description,wo1_0.priority,wo1_0.sla_minutes,wo1_0.status,wo1_0.title,wo1_0.updated_at,wo1_0.wo_code from work_order wo1_0
Hibernate: select wo1_0.id,wo1_0.approved_at,wo1_0.approver_id,wo1_0.approver_name,wo1_0.assigned_at,wo1_0.assignee_id,wo1_0.assignee_name,wo1_0.category,wo1_0.completed_at,wo1_0.created_at,wo1_0.creator_dept,wo1_0.creator_id,wo1_0.creator_level,wo1_0.creator_name,wo1_0.deadline,wo1_0.description,wo1_0.priority,wo1_0.sla_minutes,wo1_0.status,wo1_0.title,wo1_0.updated_at,wo1_0.wo_code from work_order wo1_0
Hibernate: select u1_0.id,u1_0.created_at,u1_0.department,u1_0.email,u1_0.enabled,u1_0.organization_level,u1_0.password,u1_0.phone,u1_0.real_name,u1_0.role,u1_0.updated_at,u1_0.username from users u1_0 where u1_0.username=?
Hibernate: select u1_0.id,u1_0.created_at,u1_0.department,u1_0.email,u1_0.enabled,u1_0.organization_level,u1_0.password,u1_0.phone,u1_0.real_name,u1_0.role,u1_0.updated_at,u1_0.username from users u1_0
Hibernate: select wo1_0.id,wo1_0.approved_at,wo1_0.approver_id,wo1_0.approver_name,wo1_0.assigned_at,wo1_0.assignee_id,wo1_0.assignee_name,wo1_0.category,wo1_0.completed_at,wo1_0.created_at,wo1_0.creator_dept,wo1_0.creator_id,wo1_0.creator_level,wo1_0.creator_name,wo1_0.deadline,wo1_0.description,wo1_0.priority,wo1_0.sla_minutes,wo1_0.status,wo1_0.title,wo1_0.updated_at,wo1_0.wo_code from work_order wo1_0
Hibernate: select wo1_0.id,wo1_0.approved_at,wo1_0.approver_id,wo1_0.approver_name,wo1_0.assigned_at,wo1_0.assignee_id,wo1_0.assignee_name,wo1_0.category,wo1_0.completed_at,wo1_0.created_at,wo1_0.creator_dept,wo1_0.creator_id,wo1_0.creator_level,wo1_0.creator_name,wo1_0.deadline,wo1_0.description,wo1_0.priority,wo1_0.sla_minutes,wo1_0.status,wo1_0.title,wo1_0.updated_at,wo1_0.wo_code from work_order wo1_0
Hibernate: select wo1_0.id,wo1_0.approved_at,wo1_0.approver_id,wo1_0.approver_name,wo1_0.assigned_at,wo1_0.assignee_id,wo1_0.assignee_name,wo1_0.category,wo1_0.completed_at,wo1_0.created_at,wo1_0.creator_dept,wo1_0.creator_id,wo1_0.creator_level,wo1_0.creator_name,wo1_0.deadline,wo1_0.description,wo1_0.priority,wo1_0.sla_minutes,wo1_0.status,wo1_0.title,wo1_0.updated_at,wo1_0.wo_code from work_order wo1_0
Hibernate: select wo1_0.id,wo1_0.approved_at,wo1_0.approver_id,wo1_0.approver_name,wo1_0.assigned_at,wo1_0.assignee_id,wo1_0.assignee_name,wo1_0.category,wo1_0.completed_at,wo1_0.created_at,wo1_0.creator_dept,wo1_0.creator_id,wo1_0.creator_level,wo1_0.creator_name,wo1_0.deadline,wo1_0.description,wo1_0.priority,wo1_0.sla_minutes,wo1_0.status,wo1_0.title,wo1_0.updated_at,wo1_0.wo_code from work_order wo1_0
Hibernate: select wo1_0.id,wo1_0.approved_at,wo1_0.approver_id,wo1_0.approver_name,wo1_0.assigned_at,wo1_0.assignee_id,wo1_0.assignee_name,wo1_0.category,wo1_0.completed_at,wo1_0.created_at,wo1_0.creator_dept,wo1_0.creator_id,wo1_0.creator_level,wo1_0.creator_name,wo1_0.deadline,wo1_0.description,wo1_0.priority,wo1_0.sla_minutes,wo1_0.status,wo1_0.title,wo1_0.updated_at,wo1_0.wo_code from work_order wo1_0
Hibernate: select wo1_0.id,wo1_0.approved_at,wo1_0.approver_id,wo1_0.approver_name,wo1_0.assigned_at,wo1_0.assignee_id,wo1_0.assignee_name,wo1_0.category,wo1_0.completed_at,wo1_0.created_at,wo1_0.creator_dept,wo1_0.creator_id,wo1_0.creator_level,wo1_0.creator_name,wo1_0.deadline,wo1_0.description,wo1_0.priority,wo1_0.sla_minutes,wo1_0.status,wo1_0.title,wo1_0.updated_at,wo1_0.wo_code from work_order wo1_0
Hibernate: select u1_0.id,u1_0.created_at,u1_0.department,u1_0.email,u1_0.enabled,u1_0.organization_level,u1_0.password,u1_0.phone,u1_0.real_name,u1_0.role,u1_0.updated_at,u1_0.username from users u1_0
Hibernate: select u1_0.id,u1_0.created_at,u1_0.department,u1_0.email,u1_0.enabled,u1_0.organization_level,u1_0.password,u1_0.phone,u1_0.real_name,u1_0.role,u1_0.updated_at,u1_0.username from users u1_0
Hibernate: select wo1_0.id,wo1_0.approved_at,wo1_0.approver_id,wo1_0.approver_name,wo1_0.assigned_at,wo1_0.assignee_id,wo1_0.assignee_name,wo1_0.category,wo1_0.completed_at,wo1_0.created_at,wo1_0.creator_dept,wo1_0.creator_id,wo1_0.creator_level,wo1_0.creator_name,wo1_0.deadline,wo1_0.description,wo1_0.priority,wo1_0.sla_minutes,wo1_0.status,wo1_0.title,wo1_0.updated_at,wo1_0.wo_code from work_order wo1_0
Hibernate: select wo1_0.id,wo1_0.approved_at,wo1_0.approver_id,wo1_0.approver_name,wo1_0.assigned_at,wo1_0.assignee_id,wo1_0.assignee_name,wo1_0.category,wo1_0.completed_at,wo1_0.created_at,wo1_0.creator_dept,wo1_0.creator_id,wo1_0.creator_level,wo1_0.creator_name,wo1_0.deadline,wo1_0.description,wo1_0.priority,wo1_0.sla_minutes,wo1_0.status,wo1_0.title,wo1_0.updated_at,wo1_0.wo_code from work_order wo1_0
Hibernate: select wo1_0.id,wo1_0.approved_at,wo1_0.approver_id,wo1_0.approver_name,wo1_0.assigned_at,wo1_0.assignee_id,wo1_0.assignee_name,wo1_0.category,wo1_0.completed_at,wo1_0.created_at,wo1_0.creator_dept,wo1_0.creator_id,wo1_0.creator_level,wo1_0.creator_name,wo1_0.deadline,wo1_0.description,wo1_0.priority,wo1_0.sla_minutes,wo1_0.status,wo1_0.title,wo1_0.updated_at,wo1_0.wo_code from work_order wo1_0
Hibernate: select wo1_0.id,wo1_0.approved_at,wo1_0.approver_id,wo1_0.approver_name,wo1_0.assigned_at,wo1_0.assignee_id,wo1_0.assignee_name,wo1_0.category,wo1_0.completed_at,wo1_0.created_at,wo1_0.creator_dept,wo1_0.creator_id,wo1_0.creator_level,wo1_0.creator_name,wo1_0.deadline,wo1_0.description,wo1_0.priority,wo1_0.sla_minutes,wo1_0.status,wo1_0.title,wo1_0.updated_at,wo1_0.wo_code from work_order wo1_0
Hibernate: select u1_0.id,u1_0.created_at,u1_0.department,u1_0.email,u1_0.enabled,u1_0.organization_level,u1_0.password,u1_0.phone,u1_0.real_name,u1_0.role,u1_0.updated_at,u1_0.username from users u1_0
Hibernate: select wo1_0.id,wo1_0.approved_at,wo1_0.approver_id,wo1_0.approver_name,wo1_0.assigned_at,wo1_0.assignee_id,wo1_0.assignee_name,wo1_0.category,wo1_0.completed_at,wo1_0.created_at,wo1_0.creator_dept,wo1_0.creator_id,wo1_0.creator_level,wo1_0.creator_name,wo1_0.deadline,wo1_0.description,wo1_0.priority,wo1_0.sla_minutes,wo1_0.status,wo1_0.title,wo1_0.updated_at,wo1_0.wo_code from work_order wo1_0
Hibernate: select wo1_0.id,wo1_0.approved_at,wo1_0.approver_id,wo1_0.approver_name,wo1_0.assigned_at,wo1_0.assignee_id,wo1_0.assignee_name,wo1_0.category,wo1_0.completed_at,wo1_0.created_at,wo1_0.creator_dept,wo1_0.creator_id,wo1_0.creator_level,wo1_0.creator_name,wo1_0.deadline,wo1_0.description,wo1_0.priority,wo1_0.sla_minutes,wo1_0.status,wo1_0.title,wo1_0.updated_at,wo1_0.wo_code from work_order wo1_0
Hibernate: select wo1_0.id,wo1_0.approved_at,wo1_0.approver_id,wo1_0.approver_name,wo1_0.assigned_at,wo1_0.assignee_id,wo1_0.assignee_name,wo1_0.category,wo1_0.completed_at,wo1_0.created_at,wo1_0.creator_dept,wo1_0.creator_id,wo1_0.creator_level,wo1_0.creator_name,wo1_0.deadline,wo1_0.description,wo1_0.priority,wo1_0.sla_minutes,wo1_0.status,wo1_0.title,wo1_0.updated_at,wo1_0.wo_code from work_order wo1_0
Hibernate: select wo1_0.id,wo1_0.approved_at,wo1_0.approver_id,wo1_0.approver_name,wo1_0.assigned_at,wo1_0.assignee_id,wo1_0.assignee_name,wo1_0.category,wo1_0.completed_at,wo1_0.created_at,wo1_0.creator_dept,wo1_0.creator_id,wo1_0.creator_level,wo1_0.creator_name,wo1_0.deadline,wo1_0.description,wo1_0.priority,wo1_0.sla_minutes,wo1_0.status,wo1_0.title,wo1_0.updated_at,wo1_0.wo_code from work_order wo1_0
Hibernate: select wo1_0.id,wo1_0.approved_at,wo1_0.approver_id,wo1_0.approver_name,wo1_0.assigned_at,wo1_0.assignee_id,wo1_0.assignee_name,wo1_0.category,wo1_0.completed_at,wo1_0.created_at,wo1_0.creator_dept,wo1_0.creator_id,wo1_0.creator_level,wo1_0.creator_name,wo1_0.deadline,wo1_0.description,wo1_0.priority,wo1_0.sla_minutes,wo1_0.status,wo1_0.title,wo1_0.updated_at,wo1_0.wo_code from work_order wo1_0
Hibernate: select u1_0.id,u1_0.created_at,u1_0.department,u1_0.email,u1_0.enabled,u1_0.organization_level,u1_0.password,u1_0.phone,u1_0.real_name,u1_0.role,u1_0.updated_at,u1_0.username from users u1_0
Hibernate: select wo1_0.id,wo1_0.approved_at,wo1_0.approver_id,wo1_0.approver_name,wo1_0.assigned_at,wo1_0.assignee_id,wo1_0.assignee_name,wo1_0.category,wo1_0.completed_at,wo1_0.created_at,wo1_0.creator_dept,wo1_0.creator_id,wo1_0.creator_level,wo1_0.creator_name,wo1_0.deadline,wo1_0.description,wo1_0.priority,wo1_0.sla_minutes,wo1_0.status,wo1_0.title,wo1_0.updated_at,wo1_0.wo_code from work_order wo1_0
Hibernate: select u1_0.id,u1_0.created_at,u1_0.department,u1_0.email,u1_0.enabled,u1_0.organization_level,u1_0.password,u1_0.phone,u1_0.real_name,u1_0.role,u1_0.updated_at,u1_0.username from users u1_0
Hibernate: select wo1_0.id,wo1_0.approved_at,wo1_0.approver_id,wo1_0.approver_name,wo1_0.assigned_at,wo1_0.assignee_id,wo1_0.assignee_name,wo1_0.category,wo1_0.completed_at,wo1_0.created_at,wo1_0.creator_dept,wo1_0.creator_id,wo1_0.creator_level,wo1_0.creator_name,wo1_0.deadline,wo1_0.description,wo1_0.priority,wo1_0.sla_minutes,wo1_0.status,wo1_0.title,wo1_0.updated_at,wo1_0.wo_code from work_order wo1_0
Hibernate: select wo1_0.id,wo1_0.approved_at,wo1_0.approver_id,wo1_0.approver_name,wo1_0.assigned_at,wo1_0.assignee_id,wo1_0.assignee_name,wo1_0.category,wo1_0.completed_at,wo1_0.created_at,wo1_0.creator_dept,wo1_0.creator_id,wo1_0.creator_level,wo1_0.creator_name,wo1_0.deadline,wo1_0.description,wo1_0.priority,wo1_0.sla_minutes,wo1_0.status,wo1_0.title,wo1_0.updated_at,wo1_0.wo_code from work_order wo1_0
Hibernate: select u1_0.id,u1_0.created_at,u1_0.department,u1_0.email,u1_0.enabled,u1_0.organization_level,u1_0.password,u1_0.phone,u1_0.real_name,u1_0.role,u1_0.updated_at,u1_0.username from users u1_0
Hibernate: select wo1_0.id,wo1_0.approved_at,wo1_0.approver_id,wo1_0.approver_name,wo1_0.assigned_at,wo1_0.assignee_id,wo1_0.assignee_name,wo1_0.category,wo1_0.completed_at,wo1_0.created_at,wo1_0.creator_dept,wo1_0.creator_id,wo1_0.creator_level,wo1_0.creator_name,wo1_0.deadline,wo1_0.description,wo1_0.priority,wo1_0.sla_minutes,wo1_0.status,wo1_0.title,wo1_0.updated_at,wo1_0.wo_code from work_order wo1_0
Hibernate: select wo1_0.id,wo1_0.approved_at,wo1_0.approver_id,wo1_0.approver_name,wo1_0.assigned_at,wo1_0.assignee_id,wo1_0.assignee_name,wo1_0.category,wo1_0.completed_at,wo1_0.created_at,wo1_0.creator_dept,wo1_0.creator_id,wo1_0.creator_level,wo1_0.creator_name,wo1_0.deadline,wo1_0.description,wo1_0.priority,wo1_0.sla_minutes,wo1_0.status,wo1_0.title,wo1_0.updated_at,wo1_0.wo_code from work_order wo1_0
Hibernate: select wo1_0.id,wo1_0.approved_at,wo1_0.approver_id,wo1_0.approver_name,wo1_0.assigned_at,wo1_0.assignee_id,wo1_0.assignee_name,wo1_0.category,wo1_0.completed_at,wo1_0.created_at,wo1_0.creator_dept,wo1_0.creator_id,wo1_0.creator_level,wo1_0.creator_name,wo1_0.deadline,wo1_0.description,wo1_0.priority,wo1_0.sla_minutes,wo1_0.status,wo1_0.title,wo1_0.updated_at,wo1_0.wo_code from work_order wo1_0
Hibernate: select u1_0.id,u1_0.created_at,u1_0.department,u1_0.email,u1_0.enabled,u1_0.organization_level,u1_0.password,u1_0.phone,u1_0.real_name,u1_0.role,u1_0.updated_at,u1_0.username from users u1_0
Hibernate: select wo1_0.id,wo1_0.approved_at,wo1_0.approver_id,wo1_0.approver_name,wo1_0.assigned_at,wo1_0.assignee_id,wo1_0.assignee_name,wo1_0.category,wo1_0.completed_at,wo1_0.created_at,wo1_0.creator_dept,wo1_0.creator_id,wo1_0.creator_level,wo1_0.creator_name,wo1_0.deadline,wo1_0.description,wo1_0.priority,wo1_0.sla_minutes,wo1_0.status,wo1_0.title,wo1_0.updated_at,wo1_0.wo_code from work_order wo1_0
Hibernate: select wo1_0.id,wo1_0.approved_at,wo1_0.approver_id,wo1_0.approver_name,wo1_0.assigned_at,wo1_0.assignee_id,wo1_0.assignee_name,wo1_0.category,wo1_0.completed_at,wo1_0.created_at,wo1_0.creator_dept,wo1_0.creator_id,wo1_0.creator_level,wo1_0.creator_name,wo1_0.deadline,wo1_0.description,wo1_0.priority,wo1_0.sla_minutes,wo1_0.status,wo1_0.title,wo1_0.updated_at,wo1_0.wo_code from work_order wo1_0
Hibernate: select wo1_0.id,wo1_0.approved_at,wo1_0.approver_id,wo1_0.approver_name,wo1_0.assigned_at,wo1_0.assignee_id,wo1_0.assignee_name,wo1_0.category,wo1_0.completed_at,wo1_0.created_at,wo1_0.creator_dept,wo1_0.creator_id,wo1_0.creator_level,wo1_0.creator_name,wo1_0.deadline,wo1_0.description,wo1_0.priority,wo1_0.sla_minutes,wo1_0.status,wo1_0.title,wo1_0.updated_at,wo1_0.wo_code from work_order wo1_0
Hibernate: select wo1_0.id,wo1_0.approved_at,wo1_0.approver_id,wo1_0.approver_name,wo1_0.assigned_at,wo1_0.assignee_id,wo1_0.assignee_name,wo1_0.category,wo1_0.completed_at,wo1_0.created_at,wo1_0.creator_dept,wo1_0.creator_id,wo1_0.creator_level,wo1_0.creator_name,wo1_0.deadline,wo1_0.description,wo1_0.priority,wo1_0.sla_minutes,wo1_0.status,wo1_0.title,wo1_0.updated_at,wo1_0.wo_code from work_order wo1_0
Hibernate: select wo1_0.id,wo1_0.approved_at,wo1_0.approver_id,wo1_0.approver_name,wo1_0.assigned_at,wo1_0.assignee_id,wo1_0.assignee_name,wo1_0.category,wo1_0.completed_at,wo1_0.created_at,wo1_0.creator_dept,wo1_0.creator_id,wo1_0.creator_level,wo1_0.creator_name,wo1_0.deadline,wo1_0.description,wo1_0.priority,wo1_0.sla_minutes,wo1_0.status,wo1_0.title,wo1_0.updated_at,wo1_0.wo_code from work_order wo1_0
Hibernate: select u1_0.id,u1_0.created_at,u1_0.department,u1_0.email,u1_0.enabled,u1_0.organization_level,u1_0.password,u1_0.phone,u1_0.real_name,u1_0.role,u1_0.updated_at,u1_0.username from users u1_0
Hibernate: select wo1_0.id,wo1_0.approved_at,wo1_0.approver_id,wo1_0.approver_name,wo1_0.assigned_at,wo1_0.assignee_id,wo1_0.assignee_name,wo1_0.category,wo1_0.completed_at,wo1_0.created_at,wo1_0.creator_dept,wo1_0.creator_id,wo1_0.creator_level,wo1_0.creator_name,wo1_0.deadline,wo1_0.description,wo1_0.priority,wo1_0.sla_minutes,wo1_0.status,wo1_0.title,wo1_0.updated_at,wo1_0.wo_code from work_order wo1_0
Hibernate: select u1_0.id,u1_0.created_at,u1_0.department,u1_0.email,u1_0.enabled,u1_0.organization_level,u1_0.password,u1_0.phone,u1_0.real_name,u1_0.role,u1_0.updated_at,u1_0.username from users u1_0
Hibernate: select wo1_0.id,wo1_0.approved_at,wo1_0.approver_id,wo1_0.approver_name,wo1_0.assigned_at,wo1_0.assignee_id,wo1_0.assignee_name,wo1_0.category,wo1_0.completed_at,wo1_0.created_at,wo1_0.creator_dept,wo1_0.creator_id,wo1_0.creator_level,wo1_0.creator_name,wo1_0.deadline,wo1_0.description,wo1_0.priority,wo1_0.sla_minutes,wo1_0.status,wo1_0.title,wo1_0.updated_at,wo1_0.wo_code from work_order wo1_0
Hibernate: select wo1_0.id,wo1_0.approved_at,wo1_0.approver_id,wo1_0.approver_name,wo1_0.assigned_at,wo1_0.assignee_id,wo1_0.assignee_name,wo1_0.category,wo1_0.completed_at,wo1_0.created_at,wo1_0.creator_dept,wo1_0.creator_id,wo1_0.creator_level,wo1_0.creator_name,wo1_0.deadline,wo1_0.description,wo1_0.priority,wo1_0.sla_minutes,wo1_0.status,wo1_0.title,wo1_0.updated_at,wo1_0.wo_code from work_order wo1_0
Hibernate: select wo1_0.id,wo1_0.approved_at,wo1_0.approver_id,wo1_0.approver_name,wo1_0.assigned_at,wo1_0.assignee_id,wo1_0.assignee_name,wo1_0.category,wo1_0.completed_at,wo1_0.created_at,wo1_0.creator_dept,wo1_0.creator_id,wo1_0.creator_level,wo1_0.creator_name,wo1_0.deadline,wo1_0.description,wo1_0.priority,wo1_0.sla_minutes,wo1_0.status,wo1_0.title,wo1_0.updated_at,wo1_0.wo_code from work_order wo1_0
Hibernate: select wo1_0.id,wo1_0.approved_at,wo1_0.approver_id,wo1_0.approver_name,wo1_0.assigned_at,wo1_0.assignee_id,wo1_0.assignee_name,wo1_0.category,wo1_0.completed_at,wo1_0.created_at,wo1_0.creator_dept,wo1_0.creator_id,wo1_0.creator_level,wo1_0.creator_name,wo1_0.deadline,wo1_0.description,wo1_0.priority,wo1_0.sla_minutes,wo1_0.status,wo1_0.title,wo1_0.updated_at,wo1_0.wo_code from work_order wo1_0
Hibernate: select wo1_0.id,wo1_0.approved_at,wo1_0.approver_id,wo1_0.approver_name,wo1_0.assigned_at,wo1_0.assignee_id,wo1_0.assignee_name,wo1_0.category,wo1_0.completed_at,wo1_0.created_at,wo1_0.creator_dept,wo1_0.creator_id,wo1_0.creator_level,wo1_0.creator_name,wo1_0.deadline,wo1_0.description,wo1_0.priority,wo1_0.sla_minutes,wo1_0.status,wo1_0.title,wo1_0.updated_at,wo1_0.wo_code from work_order wo1_0
Hibernate: select u1_0.id,u1_0.created_at,u1_0.department,u1_0.email,u1_0.enabled,u1_0.organization_level,u1_0.password,u1_0.phone,u1_0.real_name,u1_0.role,u1_0.updated_at,u1_0.username from users u1_0
Hibernate: select wo1_0.id,wo1_0.approved_at,wo1_0.approver_id,wo1_0.approver_name,wo1_0.assigned_at,wo1_0.assignee_id,wo1_0.assignee_name,wo1_0.category,wo1_0.completed_at,wo1_0.created_at,wo1_0.creator_dept,wo1_0.creator_id,wo1_0.creator_level,wo1_0.creator_name,wo1_0.deadline,wo1_0.description,wo1_0.priority,wo1_0.sla_minutes,wo1_0.status,wo1_0.title,wo1_0.updated_at,wo1_0.wo_code from work_order wo1_0
Hibernate: select wo1_0.id,wo1_0.approved_at,wo1_0.approver_id,wo1_0.approver_name,wo1_0.assigned_at,wo1_0.assignee_id,wo1_0.assignee_name,wo1_0.category,wo1_0.completed_at,wo1_0.created_at,wo1_0.creator_dept,wo1_0.creator_id,wo1_0.creator_level,wo1_0.creator_name,wo1_0.deadline,wo1_0.description,wo1_0.priority,wo1_0.sla_minutes,wo1_0.status,wo1_0.title,wo1_0.updated_at,wo1_0.wo_code from work_order wo1_0
Hibernate: select u1_0.id,u1_0.created_at,u1_0.department,u1_0.email,u1_0.enabled,u1_0.organization_level,u1_0.password,u1_0.phone,u1_0.real_name,u1_0.role,u1_0.updated_at,u1_0.username from users u1_0
Hibernate: select wo1_0.id,wo1_0.approved_at,wo1_0.approver_id,wo1_0.approver_name,wo1_0.assigned_at,wo1_0.assignee_id,wo1_0.assignee_name,wo1_0.category,wo1_0.completed_at,wo1_0.created_at,wo1_0.creator_dept,wo1_0.creator_id,wo1_0.creator_level,wo1_0.creator_name,wo1_0.deadline,wo1_0.description,wo1_0.priority,wo1_0.sla_minutes,wo1_0.status,wo1_0.title,wo1_0.updated_at,wo1_0.wo_code from work_order wo1_0
Hibernate: select wo1_0.id,wo1_0.approved_at,wo1_0.approver_id,wo1_0.approver_name,wo1_0.assigned_at,wo1_0.assignee_id,wo1_0.assignee_name,wo1_0.category,wo1_0.completed_at,wo1_0.created_at,wo1_0.creator_dept,wo1_0.creator_id,wo1_0.creator_level,wo1_0.creator_name,wo1_0.deadline,wo1_0.description,wo1_0.priority,wo1_0.sla_minutes,wo1_0.status,wo1_0.title,wo1_0.updated_at,wo1_0.wo_code from work_order wo1_0
Hibernate: select wo1_0.id,wo1_0.approved_at,wo1_0.approver_id,wo1_0.approver_name,wo1_0.assigned_at,wo1_0.assignee_id,wo1_0.assignee_name,wo1_0.category,wo1_0.completed_at,wo1_0.created_at,wo1_0.creator_dept,wo1_0.creator_id,wo1_0.creator_level,wo1_0.creator_name,wo1_0.deadline,wo1_0.description,wo1_0.priority,wo1_0.sla_minutes,wo1_0.status,wo1_0.title,wo1_0.updated_at,wo1_0.wo_code from work_order wo1_0
Hibernate: select u1_0.id,u1_0.created_at,u1_0.department,u1_0.email,u1_0.enabled,u1_0.organization_level,u1_0.password,u1_0.phone,u1_0.real_name,u1_0.role,u1_0.updated_at,u1_0.username from users u1_0
Hibernate: select wo1_0.id,wo1_0.approved_at,wo1_0.approver_id,wo1_0.approver_name,wo1_0.assigned_at,wo1_0.assignee_id,wo1_0.assignee_name,wo1_0.category,wo1_0.completed_at,wo1_0.created_at,wo1_0.creator_dept,wo1_0.creator_id,wo1_0.creator_level,wo1_0.creator_name,wo1_0.deadline,wo1_0.description,wo1_0.priority,wo1_0.sla_minutes,wo1_0.status,wo1_0.title,wo1_0.updated_at,wo1_0.wo_code from work_order wo1_0
Hibernate: select wo1_0.id,wo1_0.approved_at,wo1_0.approver_id,wo1_0.approver_name,wo1_0.assigned_at,wo1_0.assignee_id,wo1_0.assignee_name,wo1_0.category,wo1_0.completed_at,wo1_0.created_at,wo1_0.creator_dept,wo1_0.creator_id,wo1_0.creator_level,wo1_0.creator_name,wo1_0.deadline,wo1_0.description,wo1_0.priority,wo1_0.sla_minutes,wo1_0.status,wo1_0.title,wo1_0.updated_at,wo1_0.wo_code from work_order wo1_0
Hibernate: select wo1_0.id,wo1_0.approved_at,wo1_0.approver_id,wo1_0.approver_name,wo1_0.assigned_at,wo1_0.assignee_id,wo1_0.assignee_name,wo1_0.category,wo1_0.completed_at,wo1_0.created_at,wo1_0.creator_dept,wo1_0.creator_id,wo1_0.creator_level,wo1_0.creator_name,wo1_0.deadline,wo1_0.description,wo1_0.priority,wo1_0.sla_minutes,wo1_0.status,wo1_0.title,wo1_0.updated_at,wo1_0.wo_code from work_order wo1_0
Hibernate: select u1_0.id,u1_0.created_at,u1_0.department,u1_0.email,u1_0.enabled,u1_0.organization_level,u1_0.password,u1_0.phone,u1_0.real_name,u1_0.role,u1_0.updated_at,u1_0.username from users u1_0
Hibernate: select wo1_0.id,wo1_0.approved_at,wo1_0.approver_id,wo1_0.approver_name,wo1_0.assigned_at,wo1_0.assignee_id,wo1_0.assignee_name,wo1_0.category,wo1_0.completed_at,wo1_0.created_at,wo1_0.creator_dept,wo1_0.creator_id,wo1_0.creator_level,wo1_0.creator_name,wo1_0.deadline,wo1_0.description,wo1_0.priority,wo1_0.sla_minutes,wo1_0.status,wo1_0.title,wo1_0.updated_at,wo1_0.wo_code from work_order wo1_0
Hibernate: select wo1_0.id,wo1_0.approved_at,wo1_0.approver_id,wo1_0.approver_name,wo1_0.assigned_at,wo1_0.assignee_id,wo1_0.assignee_name,wo1_0.category,wo1_0.completed_at,wo1_0.created_at,wo1_0.creator_dept,wo1_0.creator_id,wo1_0.creator_level,wo1_0.creator_name,wo1_0.deadline,wo1_0.description,wo1_0.priority,wo1_0.sla_minutes,wo1_0.status,wo1_0.title,wo1_0.updated_at,wo1_0.wo_code from work_order wo1_0
Hibernate: select wo1_0.id,wo1_0.approved_at,wo1_0.approver_id,wo1_0.approver_name,wo1_0.assigned_at,wo1_0.assignee_id,wo1_0.assignee_name,wo1_0.category,wo1_0.completed_at,wo1_0.created_at,wo1_0.creator_dept,wo1_0.creator_id,wo1_0.creator_level,wo1_0.creator_name,wo1_0.deadline,wo1_0.description,wo1_0.priority,wo1_0.sla_minutes,wo1_0.status,wo1_0.title,wo1_0.updated_at,wo1_0.wo_code from work_order wo1_0
Hibernate: select u1_0.id,u1_0.created_at,u1_0.department,u1_0.email,u1_0.enabled,u1_0.organization_level,u1_0.password,u1_0.phone,u1_0.real_name,u1_0.role,u1_0.updated_at,u1_0.username from users u1_0
Hibernate: select wo1_0.id,wo1_0.approved_at,wo1_0.approver_id,wo1_0.approver_name,wo1_0.assigned_at,wo1_0.assignee_id,wo1_0.assignee_name,wo1_0.category,wo1_0.completed_at,wo1_0.created_at,wo1_0.creator_dept,wo1_0.creator_id,wo1_0.creator_level,wo1_0.creator_name,wo1_0.deadline,wo1_0.description,wo1_0.priority,wo1_0.sla_minutes,wo1_0.status,wo1_0.title,wo1_0.updated_at,wo1_0.wo_code from work_order wo1_0
Hibernate: select wo1_0.id,wo1_0.approved_at,wo1_0.approver_id,wo1_0.approver_name,wo1_0.assigned_at,wo1_0.assignee_id,wo1_0.assignee_name,wo1_0.category,wo1_0.completed_at,wo1_0.created_at,wo1_0.creator_dept,wo1_0.creator_id,wo1_0.creator_level,wo1_0.creator_name,wo1_0.deadline,wo1_0.description,wo1_0.priority,wo1_0.sla_minutes,wo1_0.status,wo1_0.title,wo1_0.updated_at,wo1_0.wo_code from work_order wo1_0
Hibernate: select wo1_0.id,wo1_0.approved_at,wo1_0.approver_id,wo1_0.approver_name,wo1_0.assigned_at,wo1_0.assignee_id,wo1_0.assignee_name,wo1_0.category,wo1_0.completed_at,wo1_0.created_at,wo1_0.creator_dept,wo1_0.creator_id,wo1_0.creator_level,wo1_0.creator_name,wo1_0.deadline,wo1_0.description,wo1_0.priority,wo1_0.sla_minutes,wo1_0.status,wo1_0.title,wo1_0.updated_at,wo1_0.wo_code from work_order wo1_0
Hibernate: select wo1_0.id,wo1_0.approved_at,wo1_0.approver_id,wo1_0.approver_name,wo1_0.assigned_at,wo1_0.assignee_id,wo1_0.assignee_name,wo1_0.category,wo1_0.completed_at,wo1_0.created_at,wo1_0.creator_dept,wo1_0.creator_id,wo1_0.creator_level,wo1_0.creator_name,wo1_0.deadline,wo1_0.description,wo1_0.priority,wo1_0.sla_minutes,wo1_0.status,wo1_0.title,wo1_0.updated_at,wo1_0.wo_code from work_order wo1_0
Hibernate: select u1_0.id,u1_0.created_at,u1_0.department,u1_0.email,u1_0.enabled,u1_0.organization_level,u1_0.password,u1_0.phone,u1_0.real_name,u1_0.role,u1_0.updated_at,u1_0.username from users u1_0
Hibernate: select wo1_0.id,wo1_0.approved_at,wo1_0.approver_id,wo1_0.approver_name,wo1_0.assigned_at,wo1_0.assignee_id,wo1_0.assignee_name,wo1_0.category,wo1_0.completed_at,wo1_0.created_at,wo1_0.creator_dept,wo1_0.creator_id,wo1_0.creator_level,wo1_0.creator_name,wo1_0.deadline,wo1_0.description,wo1_0.priority,wo1_0.sla_minutes,wo1_0.status,wo1_0.title,wo1_0.updated_at,wo1_0.wo_code from work_order wo1_0
Hibernate: select wo1_0.id,wo1_0.approved_at,wo1_0.approver_id,wo1_0.approver_name,wo1_0.assigned_at,wo1_0.assignee_id,wo1_0.assignee_name,wo1_0.category,wo1_0.completed_at,wo1_0.created_at,wo1_0.creator_dept,wo1_0.creator_id,wo1_0.creator_level,wo1_0.creator_name,wo1_0.deadline,wo1_0.description,wo1_0.priority,wo1_0.sla_minutes,wo1_0.status,wo1_0.title,wo1_0.updated_at,wo1_0.wo_code from work_order wo1_0
Hibernate: select u1_0.id,u1_0.created_at,u1_0.department,u1_0.email,u1_0.enabled,u1_0.organization_level,u1_0.password,u1_0.phone,u1_0.real_name,u1_0.role,u1_0.updated_at,u1_0.username from users u1_0
Hibernate: select wo1_0.id,wo1_0.approved_at,wo1_0.approver_id,wo1_0.approver_name,wo1_0.assigned_at,wo1_0.assignee_id,wo1_0.assignee_name,wo1_0.category,wo1_0.completed_at,wo1_0.created_at,wo1_0.creator_dept,wo1_0.creator_id,wo1_0.creator_level,wo1_0.creator_name,wo1_0.deadline,wo1_0.description,wo1_0.priority,wo1_0.sla_minutes,wo1_0.status,wo1_0.title,wo1_0.updated_at,wo1_0.wo_code from work_order wo1_0
Hibernate: select wo1_0.id,wo1_0.approved_at,wo1_0.approver_id,wo1_0.approver_name,wo1_0.assigned_at,wo1_0.assignee_id,wo1_0.assignee_name,wo1_0.category,wo1_0.completed_at,wo1_0.created_at,wo1_0.creator_dept,wo1_0.creator_id,wo1_0.creator_level,wo1_0.creator_name,wo1_0.deadline,wo1_0.description,wo1_0.priority,wo1_0.sla_minutes,wo1_0.status,wo1_0.title,wo1_0.updated_at,wo1_0.wo_code from work_order wo1_0
Hibernate: select wo1_0.id,wo1_0.approved_at,wo1_0.approver_id,wo1_0.approver_name,wo1_0.assigned_at,wo1_0.assignee_id,wo1_0.assignee_name,wo1_0.category,wo1_0.completed_at,wo1_0.created_at,wo1_0.creator_dept,wo1_0.creator_id,wo1_0.creator_level,wo1_0.creator_name,wo1_0.deadline,wo1_0.description,wo1_0.priority,wo1_0.sla_minutes,wo1_0.status,wo1_0.title,wo1_0.updated_at,wo1_0.wo_code from work_order wo1_0
Hibernate: select u1_0.id,u1_0.created_at,u1_0.department,u1_0.email,u1_0.enabled,u1_0.organization_level,u1_0.password,u1_0.phone,u1_0.real_name,u1_0.role,u1_0.updated_at,u1_0.username from users u1_0
Hibernate: select wo1_0.id,wo1_0.approved_at,wo1_0.approver_id,wo1_0.approver_name,wo1_0.assigned_at,wo1_0.assignee_id,wo1_0.assignee_name,wo1_0.category,wo1_0.completed_at,wo1_0.created_at,wo1_0.creator_dept,wo1_0.creator_id,wo1_0.creator_level,wo1_0.creator_name,wo1_0.deadline,wo1_0.description,wo1_0.priority,wo1_0.sla_minutes,wo1_0.status,wo1_0.title,wo1_0.updated_at,wo1_0.wo_code from work_order wo1_0
Hibernate: select wo1_0.id,wo1_0.approved_at,wo1_0.approver_id,wo1_0.approver_name,wo1_0.assigned_at,wo1_0.assignee_id,wo1_0.assignee_name,wo1_0.category,wo1_0.completed_at,wo1_0.created_at,wo1_0.creator_dept,wo1_0.creator_id,wo1_0.creator_level,wo1_0.creator_name,wo1_0.deadline,wo1_0.description,wo1_0.priority,wo1_0.sla_minutes,wo1_0.status,wo1_0.title,wo1_0.updated_at,wo1_0.wo_code from work_order wo1_0
Hibernate: select u1_0.id,u1_0.created_at,u1_0.department,u1_0.email,u1_0.enabled,u1_0.organization_level,u1_0.password,u1_0.phone,u1_0.real_name,u1_0.role,u1_0.updated_at,u1_0.username from users u1_0
Hibernate: select wo1_0.id,wo1_0.approved_at,wo1_0.approver_id,wo1_0.approver_name,wo1_0.assigned_at,wo1_0.assignee_id,wo1_0.assignee_name,wo1_0.category,wo1_0.completed_at,wo1_0.created_at,wo1_0.creator_dept,wo1_0.creator_id,wo1_0.creator_level,wo1_0.creator_name,wo1_0.deadline,wo1_0.description,wo1_0.priority,wo1_0.sla_minutes,wo1_0.status,wo1_0.title,wo1_0.updated_at,wo1_0.wo_code from work_order wo1_0
Hibernate: select wo1_0.id,wo1_0.approved_at,wo1_0.approver_id,wo1_0.approver_name,wo1_0.assigned_at,wo1_0.assignee_id,wo1_0.assignee_name,wo1_0.category,wo1_0.completed_at,wo1_0.created_at,wo1_0.creator_dept,wo1_0.creator_id,wo1_0.creator_level,wo1_0.creator_name,wo1_0.deadline,wo1_0.description,wo1_0.priority,wo1_0.sla_minutes,wo1_0.status,wo1_0.title,wo1_0.updated_at,wo1_0.wo_code from work_order wo1_0
Hibernate: select wo1_0.id,wo1_0.approved_at,wo1_0.approver_id,wo1_0.approver_name,wo1_0.assigned_at,wo1_0.assignee_id,wo1_0.assignee_name,wo1_0.category,wo1_0.completed_at,wo1_0.created_at,wo1_0.creator_dept,wo1_0.creator_id,wo1_0.creator_level,wo1_0.creator_name,wo1_0.deadline,wo1_0.description,wo1_0.priority,wo1_0.sla_minutes,wo1_0.status,wo1_0.title,wo1_0.updated_at,wo1_0.wo_code from work_order wo1_0
Hibernate: select wo1_0.id,wo1_0.approved_at,wo1_0.approver_id,wo1_0.approver_name,wo1_0.assigned_at,wo1_0.assignee_id,wo1_0.assignee_name,wo1_0.category,wo1_0.completed_at,wo1_0.created_at,wo1_0.creator_dept,wo1_0.creator_id,wo1_0.creator_level,wo1_0.creator_name,wo1_0.deadline,wo1_0.description,wo1_0.priority,wo1_0.sla_minutes,wo1_0.status,wo1_0.title,wo1_0.updated_at,wo1_0.wo_code from work_order wo1_0
Hibernate: select u1_0.id,u1_0.created_at,u1_0.department,u1_0.email,u1_0.enabled,u1_0.organization_level,u1_0.password,u1_0.phone,u1_0.real_name,u1_0.role,u1_0.updated_at,u1_0.username from users u1_0
Hibernate: select wo1_0.id,wo1_0.approved_at,wo1_0.approver_id,wo1_0.approver_name,wo1_0.assigned_at,wo1_0.assignee_id,wo1_0.assignee_name,wo1_0.category,wo1_0.completed_at,wo1_0.created_at,wo1_0.creator_dept,wo1_0.creator_id,wo1_0.creator_level,wo1_0.creator_name,wo1_0.deadline,wo1_0.description,wo1_0.priority,wo1_0.sla_minutes,wo1_0.status,wo1_0.title,wo1_0.updated_at,wo1_0.wo_code from work_order wo1_0
Hibernate: select wo1_0.id,wo1_0.approved_at,wo1_0.approver_id,wo1_0.approver_name,wo1_0.assigned_at,wo1_0.assignee_id,wo1_0.assignee_name,wo1_0.category,wo1_0.completed_at,wo1_0.created_at,wo1_0.creator_dept,wo1_0.creator_id,wo1_0.creator_level,wo1_0.creator_name,wo1_0.deadline,wo1_0.description,wo1_0.priority,wo1_0.sla_minutes,wo1_0.status,wo1_0.title,wo1_0.updated_at,wo1_0.wo_code from work_order wo1_0
Hibernate: select u1_0.id,u1_0.created_at,u1_0.department,u1_0.email,u1_0.enabled,u1_0.organization_level,u1_0.password,u1_0.phone,u1_0.real_name,u1_0.role,u1_0.updated_at,u1_0.username from users u1_0
Hibernate: select wo1_0.id,wo1_0.approved_at,wo1_0.approver_id,wo1_0.approver_name,wo1_0.assigned_at,wo1_0.assignee_id,wo1_0.assignee_name,wo1_0.category,wo1_0.completed_at,wo1_0.created_at,wo1_0.creator_dept,wo1_0.creator_id,wo1_0.creator_level,wo1_0.creator_name,wo1_0.deadline,wo1_0.description,wo1_0.priority,wo1_0.sla_minutes,wo1_0.status,wo1_0.title,wo1_0.updated_at,wo1_0.wo_code from work_order wo1_0
Hibernate: select wo1_0.id,wo1_0.approved_at,wo1_0.approver_id,wo1_0.approver_name,wo1_0.assigned_at,wo1_0.assignee_id,wo1_0.assignee_name,wo1_0.category,wo1_0.completed_at,wo1_0.created_at,wo1_0.creator_dept,wo1_0.creator_id,wo1_0.creator_level,wo1_0.creator_name,wo1_0.deadline,wo1_0.description,wo1_0.priority,wo1_0.sla_minutes,wo1_0.status,wo1_0.title,wo1_0.updated_at,wo1_0.wo_code from work_order wo1_0
Hibernate: select wo1_0.id,wo1_0.approved_at,wo1_0.approver_id,wo1_0.approver_name,wo1_0.assigned_at,wo1_0.assignee_id,wo1_0.assignee_name,wo1_0.category,wo1_0.completed_at,wo1_0.created_at,wo1_0.creator_dept,wo1_0.creator_id,wo1_0.creator_level,wo1_0.creator_name,wo1_0.deadline,wo1_0.description,wo1_0.priority,wo1_0.sla_minutes,wo1_0.status,wo1_0.title,wo1_0.updated_at,wo1_0.wo_code from work_order wo1_0
Hibernate: select u1_0.id,u1_0.created_at,u1_0.department,u1_0.email,u1_0.enabled,u1_0.organization_level,u1_0.password,u1_0.phone,u1_0.real_name,u1_0.role,u1_0.updated_at,u1_0.username from users u1_0
Hibernate: select wo1_0.id,wo1_0.approved_at,wo1_0.approver_id,wo1_0.approver_name,wo1_0.assigned_at,wo1_0.assignee_id,wo1_0.assignee_name,wo1_0.category,wo1_0.completed_at,wo1_0.created_at,wo1_0.creator_dept,wo1_0.creator_id,wo1_0.creator_level,wo1_0.creator_name,wo1_0.deadline,wo1_0.description,wo1_0.priority,wo1_0.sla_minutes,wo1_0.status,wo1_0.title,wo1_0.updated_at,wo1_0.wo_code from work_order wo1_0
Hibernate: select wo1_0.id,wo1_0.approved_at,wo1_0.approver_id,wo1_0.approver_name,wo1_0.assigned_at,wo1_0.assignee_id,wo1_0.assignee_name,wo1_0.category,wo1_0.completed_at,wo1_0.created_at,wo1_0.creator_dept,wo1_0.creator_id,wo1_0.creator_level,wo1_0.creator_name,wo1_0.deadline,wo1_0.description,wo1_0.priority,wo1_0.sla_minutes,wo1_0.status,wo1_0.title,wo1_0.updated_at,wo1_0.wo_code from work_order wo1_0
Hibernate: select wo1_0.id,wo1_0.approved_at,wo1_0.approver_id,wo1_0.approver_name,wo1_0.assigned_at,wo1_0.assignee_id,wo1_0.assignee_name,wo1_0.category,wo1_0.completed_at,wo1_0.created_at,wo1_0.creator_dept,wo1_0.creator_id,wo1_0.creator_level,wo1_0.creator_name,wo1_0.deadline,wo1_0.description,wo1_0.priority,wo1_0.sla_minutes,wo1_0.status,wo1_0.title,wo1_0.updated_at,wo1_0.wo_code from work_order wo1_0
Hibernate: select wo1_0.id,wo1_0.approved_at,wo1_0.approver_id,wo1_0.approver_name,wo1_0.assigned_at,wo1_0.assignee_id,wo1_0.assignee_name,wo1_0.category,wo1_0.completed_at,wo1_0.created_at,wo1_0.creator_dept,wo1_0.creator_id,wo1_0.creator_level,wo1_0.creator_name,wo1_0.deadline,wo1_0.description,wo1_0.priority,wo1_0.sla_minutes,wo1_0.status,wo1_0.title,wo1_0.updated_at,wo1_0.wo_code from work_order wo1_0
Hibernate: select wo1_0.id,wo1_0.approved_at,wo1_0.approver_id,wo1_0.approver_name,wo1_0.assigned_at,wo1_0.assignee_id,wo1_0.assignee_name,wo1_0.category,wo1_0.completed_at,wo1_0.created_at,wo1_0.creator_dept,wo1_0.creator_id,wo1_0.creator_level,wo1_0.creator_name,wo1_0.deadline,wo1_0.description,wo1_0.priority,wo1_0.sla_minutes,wo1_0.status,wo1_0.title,wo1_0.updated_at,wo1_0.wo_code from work_order wo1_0
Hibernate: select u1_0.id,u1_0.created_at,u1_0.department,u1_0.email,u1_0.enabled,u1_0.organization_level,u1_0.password,u1_0.phone,u1_0.real_name,u1_0.role,u1_0.updated_at,u1_0.username from users u1_0
Hibernate: select wo1_0.id,wo1_0.approved_at,wo1_0.approver_id,wo1_0.approver_name,wo1_0.assigned_at,wo1_0.assignee_id,wo1_0.assignee_name,wo1_0.category,wo1_0.completed_at,wo1_0.created_at,wo1_0.creator_dept,wo1_0.creator_id,wo1_0.creator_level,wo1_0.creator_name,wo1_0.deadline,wo1_0.description,wo1_0.priority,wo1_0.sla_minutes,wo1_0.status,wo1_0.title,wo1_0.updated_at,wo1_0.wo_code from work_order wo1_0
Hibernate: select u1_0.id,u1_0.created_at,u1_0.department,u1_0.email,u1_0.enabled,u1_0.organization_level,u1_0.password,u1_0.phone,u1_0.real_name,u1_0.role,u1_0.updated_at,u1_0.username from users u1_0
Hibernate: select wo1_0.id,wo1_0.approved_at,wo1_0.approver_id,wo1_0.approver_name,wo1_0.assigned_at,wo1_0.assignee_id,wo1_0.assignee_name,wo1_0.category,wo1_0.completed_at,wo1_0.created_at,wo1_0.creator_dept,wo1_0.creator_id,wo1_0.creator_level,wo1_0.creator_name,wo1_0.deadline,wo1_0.description,wo1_0.priority,wo1_0.sla_minutes,wo1_0.status,wo1_0.title,wo1_0.updated_at,wo1_0.wo_code from work_order wo1_0
Hibernate: select wo1_0.id,wo1_0.approved_at,wo1_0.approver_id,wo1_0.approver_name,wo1_0.assigned_at,wo1_0.assignee_id,wo1_0.assignee_name,wo1_0.category,wo1_0.completed_at,wo1_0.created_at,wo1_0.creator_dept,wo1_0.creator_id,wo1_0.creator_level,wo1_0.creator_name,wo1_0.deadline,wo1_0.description,wo1_0.priority,wo1_0.sla_minutes,wo1_0.status,wo1_0.title,wo1_0.updated_at,wo1_0.wo_code from work_order wo1_0
Hibernate: select wo1_0.id,wo1_0.approved_at,wo1_0.approver_id,wo1_0.approver_name,wo1_0.assigned_at,wo1_0.assignee_id,wo1_0.assignee_name,wo1_0.category,wo1_0.completed_at,wo1_0.created_at,wo1_0.creator_dept,wo1_0.creator_id,wo1_0.creator_level,wo1_0.creator_name,wo1_0.deadline,wo1_0.description,wo1_0.priority,wo1_0.sla_minutes,wo1_0.status,wo1_0.title,wo1_0.updated_at,wo1_0.wo_code from work_order wo1_0
Hibernate: select wo1_0.id,wo1_0.approved_at,wo1_0.approver_id,wo1_0.approver_name,wo1_0.assigned_at,wo1_0.assignee_id,wo1_0.assignee_name,wo1_0.category,wo1_0.completed_at,wo1_0.created_at,wo1_0.creator_dept,wo1_0.creator_id,wo1_0.creator_level,wo1_0.creator_name,wo1_0.deadline,wo1_0.description,wo1_0.priority,wo1_0.sla_minutes,wo1_0.status,wo1_0.title,wo1_0.updated_at,wo1_0.wo_code from work_order wo1_0
Hibernate: select u1_0.id,u1_0.created_at,u1_0.department,u1_0.email,u1_0.enabled,u1_0.organization_level,u1_0.password,u1_0.phone,u1_0.real_name,u1_0.role,u1_0.updated_at,u1_0.username from users u1_0
Hibernate: select wo1_0.id,wo1_0.approved_at,wo1_0.approver_id,wo1_0.approver_name,wo1_0.assigned_at,wo1_0.assignee_id,wo1_0.assignee_name,wo1_0.category,wo1_0.completed_at,wo1_0.created_at,wo1_0.creator_dept,wo1_0.creator_id,wo1_0.creator_level,wo1_0.creator_name,wo1_0.deadline,wo1_0.description,wo1_0.priority,wo1_0.sla_minutes,wo1_0.status,wo1_0.title,wo1_0.updated_at,wo1_0.wo_code from work_order wo1_0
Hibernate: select wo1_0.id,wo1_0.approved_at,wo1_0.approver_id,wo1_0.approver_name,wo1_0.assigned_at,wo1_0.assignee_id,wo1_0.assignee_name,wo1_0.category,wo1_0.completed_at,wo1_0.created_at,wo1_0.creator_dept,wo1_0.creator_id,wo1_0.creator_level,wo1_0.creator_name,wo1_0.deadline,wo1_0.description,wo1_0.priority,wo1_0.sla_minutes,wo1_0.status,wo1_0.title,wo1_0.updated_at,wo1_0.wo_code from work_order wo1_0
Hibernate: select wo1_0.id,wo1_0.approved_at,wo1_0.approver_id,wo1_0.approver_name,wo1_0.assigned_at,wo1_0.assignee_id,wo1_0.assignee_name,wo1_0.category,wo1_0.completed_at,wo1_0.created_at,wo1_0.creator_dept,wo1_0.creator_id,wo1_0.creator_level,wo1_0.creator_name,wo1_0.deadline,wo1_0.description,wo1_0.priority,wo1_0.sla_minutes,wo1_0.status,wo1_0.title,wo1_0.updated_at,wo1_0.wo_code from work_order wo1_0
Hibernate: select wo1_0.id,wo1_0.approved_at,wo1_0.approver_id,wo1_0.approver_name,wo1_0.assigned_at,wo1_0.assignee_id,wo1_0.assignee_name,wo1_0.category,wo1_0.completed_at,wo1_0.created_at,wo1_0.creator_dept,wo1_0.creator_id,wo1_0.creator_level,wo1_0.creator_name,wo1_0.deadline,wo1_0.description,wo1_0.priority,wo1_0.sla_minutes,wo1_0.status,wo1_0.title,wo1_0.updated_at,wo1_0.wo_code from work_order wo1_0
Hibernate: select wo1_0.id,wo1_0.approved_at,wo1_0.approver_id,wo1_0.approver_name,wo1_0.assigned_at,wo1_0.assignee_id,wo1_0.assignee_name,wo1_0.category,wo1_0.completed_at,wo1_0.created_at,wo1_0.creator_dept,wo1_0.creator_id,wo1_0.creator_level,wo1_0.creator_name,wo1_0.deadline,wo1_0.description,wo1_0.priority,wo1_0.sla_minutes,wo1_0.status,wo1_0.title,wo1_0.updated_at,wo1_0.wo_code from work_order wo1_0
Hibernate: select u1_0.id,u1_0.created_at,u1_0.department,u1_0.email,u1_0.enabled,u1_0.organization_level,u1_0.password,u1_0.phone,u1_0.real_name,u1_0.role,u1_0.updated_at,u1_0.username from users u1_0
Hibernate: select wo1_0.id,wo1_0.approved_at,wo1_0.approver_id,wo1_0.approver_name,wo1_0.assigned_at,wo1_0.assignee_id,wo1_0.assignee_name,wo1_0.category,wo1_0.completed_at,wo1_0.created_at,wo1_0.creator_dept,wo1_0.creator_id,wo1_0.creator_level,wo1_0.creator_name,wo1_0.deadline,wo1_0.description,wo1_0.priority,wo1_0.sla_minutes,wo1_0.status,wo1_0.title,wo1_0.updated_at,wo1_0.wo_code from work_order wo1_0
Hibernate: select wo1_0.id,wo1_0.approved_at,wo1_0.approver_id,wo1_0.approver_name,wo1_0.assigned_at,wo1_0.assignee_id,wo1_0.assignee_name,wo1_0.category,wo1_0.completed_at,wo1_0.created_at,wo1_0.creator_dept,wo1_0.creator_id,wo1_0.creator_level,wo1_0.creator_name,wo1_0.deadline,wo1_0.description,wo1_0.priority,wo1_0.sla_minutes,wo1_0.status,wo1_0.title,wo1_0.updated_at,wo1_0.wo_code from work_order wo1_0
Hibernate: select wo1_0.id,wo1_0.approved_at,wo1_0.approver_id,wo1_0.approver_name,wo1_0.assigned_at,wo1_0.assignee_id,wo1_0.assignee_name,wo1_0.category,wo1_0.completed_at,wo1_0.created_at,wo1_0.creator_dept,wo1_0.creator_id,wo1_0.creator_level,wo1_0.creator_name,wo1_0.deadline,wo1_0.description,wo1_0.priority,wo1_0.sla_minutes,wo1_0.status,wo1_0.title,wo1_0.updated_at,wo1_0.wo_code from work_order wo1_0
Hibernate: select u1_0.id,u1_0.created_at,u1_0.department,u1_0.email,u1_0.enabled,u1_0.organization_level,u1_0.password,u1_0.phone,u1_0.real_name,u1_0.role,u1_0.updated_at,u1_0.username from users u1_0
Hibernate: select wo1_0.id,wo1_0.approved_at,wo1_0.approver_id,wo1_0.approver_name,wo1_0.assigned_at,wo1_0.assignee_id,wo1_0.assignee_name,wo1_0.category,wo1_0.completed_at,wo1_0.created_at,wo1_0.creator_dept,wo1_0.creator_id,wo1_0.creator_level,wo1_0.creator_name,wo1_0.deadline,wo1_0.description,wo1_0.priority,wo1_0.sla_minutes,wo1_0.status,wo1_0.title,wo1_0.updated_at,wo1_0.wo_code from work_order wo1_0
Hibernate: select wo1_0.id,wo1_0.approved_at,wo1_0.approver_id,wo1_0.approver_name,wo1_0.assigned_at,wo1_0.assignee_id,wo1_0.assignee_name,wo1_0.category,wo1_0.completed_at,wo1_0.created_at,wo1_0.creator_dept,wo1_0.creator_id,wo1_0.creator_level,wo1_0.creator_name,wo1_0.deadline,wo1_0.description,wo1_0.priority,wo1_0.sla_minutes,wo1_0.status,wo1_0.title,wo1_0.updated_at,wo1_0.wo_code from work_order wo1_0
Hibernate: select wo1_0.id,wo1_0.approved_at,wo1_0.approver_id,wo1_0.approver_name,wo1_0.assigned_at,wo1_0.assignee_id,wo1_0.assignee_name,wo1_0.category,wo1_0.completed_at,wo1_0.created_at,wo1_0.creator_dept,wo1_0.creator_id,wo1_0.creator_level,wo1_0.creator_name,wo1_0.deadline,wo1_0.description,wo1_0.priority,wo1_0.sla_minutes,wo1_0.status,wo1_0.title,wo1_0.updated_at,wo1_0.wo_code from work_order wo1_0
Hibernate: select u1_0.id,u1_0.created_at,u1_0.department,u1_0.email,u1_0.enabled,u1_0.organization_level,u1_0.password,u1_0.phone,u1_0.real_name,u1_0.role,u1_0.updated_at,u1_0.username from users u1_0
Hibernate: select wo1_0.id,wo1_0.approved_at,wo1_0.approver_id,wo1_0.approver_name,wo1_0.assigned_at,wo1_0.assignee_id,wo1_0.assignee_name,wo1_0.category,wo1_0.completed_at,wo1_0.created_at,wo1_0.creator_dept,wo1_0.creator_id,wo1_0.creator_level,wo1_0.creator_name,wo1_0.deadline,wo1_0.description,wo1_0.priority,wo1_0.sla_minutes,wo1_0.status,wo1_0.title,wo1_0.updated_at,wo1_0.wo_code from work_order wo1_0
Hibernate: select wo1_0.id,wo1_0.approved_at,wo1_0.approver_id,wo1_0.approver_name,wo1_0.assigned_at,wo1_0.assignee_id,wo1_0.assignee_name,wo1_0.category,wo1_0.completed_at,wo1_0.created_at,wo1_0.creator_dept,wo1_0.creator_id,wo1_0.creator_level,wo1_0.creator_name,wo1_0.deadline,wo1_0.description,wo1_0.priority,wo1_0.sla_minutes,wo1_0.status,wo1_0.title,wo1_0.updated_at,wo1_0.wo_code from work_order wo1_0
Hibernate: select wo1_0.id,wo1_0.approved_at,wo1_0.approver_id,wo1_0.approver_name,wo1_0.assigned_at,wo1_0.assignee_id,wo1_0.assignee_name,wo1_0.category,wo1_0.completed_at,wo1_0.created_at,wo1_0.creator_dept,wo1_0.creator_id,wo1_0.creator_level,wo1_0.creator_name,wo1_0.deadline,wo1_0.description,wo1_0.priority,wo1_0.sla_minutes,wo1_0.status,wo1_0.title,wo1_0.updated_at,wo1_0.wo_code from work_order wo1_0
Hibernate: select u1_0.id,u1_0.created_at,u1_0.department,u1_0.email,u1_0.enabled,u1_0.organization_level,u1_0.password,u1_0.phone,u1_0.real_name,u1_0.role,u1_0.updated_at,u1_0.username from users u1_0
Hibernate: select wo1_0.id,wo1_0.approved_at,wo1_0.approver_id,wo1_0.approver_name,wo1_0.assigned_at,wo1_0.assignee_id,wo1_0.assignee_name,wo1_0.category,wo1_0.completed_at,wo1_0.created_at,wo1_0.creator_dept,wo1_0.creator_id,wo1_0.creator_level,wo1_0.creator_name,wo1_0.deadline,wo1_0.description,wo1_0.priority,wo1_0.sla_minutes,wo1_0.status,wo1_0.title,wo1_0.updated_at,wo1_0.wo_code from work_order wo1_0
Hibernate: select wo1_0.id,wo1_0.approved_at,wo1_0.approver_id,wo1_0.approver_name,wo1_0.assigned_at,wo1_0.assignee_id,wo1_0.assignee_name,wo1_0.category,wo1_0.completed_at,wo1_0.created_at,wo1_0.creator_dept,wo1_0.creator_id,wo1_0.creator_level,wo1_0.creator_name,wo1_0.deadline,wo1_0.description,wo1_0.priority,wo1_0.sla_minutes,wo1_0.status,wo1_0.title,wo1_0.updated_at,wo1_0.wo_code from work_order wo1_0
Hibernate: select wo1_0.id,wo1_0.approved_at,wo1_0.approver_id,wo1_0.approver_name,wo1_0.assigned_at,wo1_0.assignee_id,wo1_0.assignee_name,wo1_0.category,wo1_0.completed_at,wo1_0.created_at,wo1_0.creator_dept,wo1_0.creator_id,wo1_0.creator_level,wo1_0.creator_name,wo1_0.deadline,wo1_0.description,wo1_0.priority,wo1_0.sla_minutes,wo1_0.status,wo1_0.title,wo1_0.updated_at,wo1_0.wo_code from work_order wo1_0
Hibernate: select u1_0.id,u1_0.created_at,u1_0.department,u1_0.email,u1_0.enabled,u1_0.organization_level,u1_0.password,u1_0.phone,u1_0.real_name,u1_0.role,u1_0.updated_at,u1_0.username from users u1_0
Hibernate: select wo1_0.id,wo1_0.approved_at,wo1_0.approver_id,wo1_0.approver_name,wo1_0.assigned_at,wo1_0.assignee_id,wo1_0.assignee_name,wo1_0.category,wo1_0.completed_at,wo1_0.created_at,wo1_0.creator_dept,wo1_0.creator_id,wo1_0.creator_level,wo1_0.creator_name,wo1_0.deadline,wo1_0.description,wo1_0.priority,wo1_0.sla_minutes,wo1_0.status,wo1_0.title,wo1_0.updated_at,wo1_0.wo_code from work_order wo1_0
Hibernate: select wo1_0.id,wo1_0.approved_at,wo1_0.approver_id,wo1_0.approver_name,wo1_0.assigned_at,wo1_0.assignee_id,wo1_0.assignee_name,wo1_0.category,wo1_0.completed_at,wo1_0.created_at,wo1_0.creator_dept,wo1_0.creator_id,wo1_0.creator_level,wo1_0.creator_name,wo1_0.deadline,wo1_0.description,wo1_0.priority,wo1_0.sla_minutes,wo1_0.status,wo1_0.title,wo1_0.updated_at,wo1_0.wo_code from work_order wo1_0
Hibernate: select u1_0.id,u1_0.created_at,u1_0.department,u1_0.email,u1_0.enabled,u1_0.organization_level,u1_0.password,u1_0.phone,u1_0.real_name,u1_0.role,u1_0.updated_at,u1_0.username from users u1_0
Hibernate: select wo1_0.id,wo1_0.approved_at,wo1_0.approver_id,wo1_0.approver_name,wo1_0.assigned_at,wo1_0.assignee_id,wo1_0.assignee_name,wo1_0.category,wo1_0.completed_at,wo1_0.created_at,wo1_0.creator_dept,wo1_0.creator_id,wo1_0.creator_level,wo1_0.creator_name,wo1_0.deadline,wo1_0.description,wo1_0.priority,wo1_0.sla_minutes,wo1_0.status,wo1_0.title,wo1_0.updated_at,wo1_0.wo_code from work_order wo1_0
Hibernate: select wo1_0.id,wo1_0.approved_at,wo1_0.approver_id,wo1_0.approver_name,wo1_0.assigned_at,wo1_0.assignee_id,wo1_0.assignee_name,wo1_0.category,wo1_0.completed_at,wo1_0.created_at,wo1_0.creator_dept,wo1_0.creator_id,wo1_0.creator_level,wo1_0.creator_name,wo1_0.deadline,wo1_0.description,wo1_0.priority,wo1_0.sla_minutes,wo1_0.status,wo1_0.title,wo1_0.updated_at,wo1_0.wo_code from work_order wo1_0
Hibernate: select u1_0.id,u1_0.created_at,u1_0.department,u1_0.email,u1_0.enabled,u1_0.organization_level,u1_0.password,u1_0.phone,u1_0.real_name,u1_0.role,u1_0.updated_at,u1_0.username from users u1_0
Hibernate: select wo1_0.id,wo1_0.approved_at,wo1_0.approver_id,wo1_0.approver_name,wo1_0.assigned_at,wo1_0.assignee_id,wo1_0.assignee_name,wo1_0.category,wo1_0.completed_at,wo1_0.created_at,wo1_0.creator_dept,wo1_0.creator_id,wo1_0.creator_level,wo1_0.creator_name,wo1_0.deadline,wo1_0.description,wo1_0.priority,wo1_0.sla_minutes,wo1_0.status,wo1_0.title,wo1_0.updated_at,wo1_0.wo_code from work_order wo1_0
Hibernate: select wo1_0.id,wo1_0.approved_at,wo1_0.approver_id,wo1_0.approver_name,wo1_0.assigned_at,wo1_0.assignee_id,wo1_0.assignee_name,wo1_0.category,wo1_0.completed_at,wo1_0.created_at,wo1_0.creator_dept,wo1_0.creator_id,wo1_0.creator_level,wo1_0.creator_name,wo1_0.deadline,wo1_0.description,wo1_0.priority,wo1_0.sla_minutes,wo1_0.status,wo1_0.title,wo1_0.updated_at,wo1_0.wo_code from work_order wo1_0
Hibernate: select wo1_0.id,wo1_0.approved_at,wo1_0.approver_id,wo1_0.approver_name,wo1_0.assigned_at,wo1_0.assignee_id,wo1_0.assignee_name,wo1_0.category,wo1_0.completed_at,wo1_0.created_at,wo1_0.creator_dept,wo1_0.creator_id,wo1_0.creator_level,wo1_0.creator_name,wo1_0.deadline,wo1_0.description,wo1_0.priority,wo1_0.sla_minutes,wo1_0.status,wo1_0.title,wo1_0.updated_at,wo1_0.wo_code from work_order wo1_0
Hibernate: select wo1_0.id,wo1_0.approved_at,wo1_0.approver_id,wo1_0.approver_name,wo1_0.assigned_at,wo1_0.assignee_id,wo1_0.assignee_name,wo1_0.category,wo1_0.completed_at,wo1_0.created_at,wo1_0.creator_dept,wo1_0.creator_id,wo1_0.creator_level,wo1_0.creator_name,wo1_0.deadline,wo1_0.description,wo1_0.priority,wo1_0.sla_minutes,wo1_0.status,wo1_0.title,wo1_0.updated_at,wo1_0.wo_code from work_order wo1_0
Hibernate: select u1_0.id,u1_0.created_at,u1_0.department,u1_0.email,u1_0.enabled,u1_0.organization_level,u1_0.password,u1_0.phone,u1_0.real_name,u1_0.role,u1_0.updated_at,u1_0.username from users u1_0
Hibernate: select wo1_0.id,wo1_0.approved_at,wo1_0.approver_id,wo1_0.approver_name,wo1_0.assigned_at,wo1_0.assignee_id,wo1_0.assignee_name,wo1_0.category,wo1_0.completed_at,wo1_0.created_at,wo1_0.creator_dept,wo1_0.creator_id,wo1_0.creator_level,wo1_0.creator_name,wo1_0.deadline,wo1_0.description,wo1_0.priority,wo1_0.sla_minutes,wo1_0.status,wo1_0.title,wo1_0.updated_at,wo1_0.wo_code from work_order wo1_0
Hibernate: select u1_0.id,u1_0.created_at,u1_0.department,u1_0.email,u1_0.enabled,u1_0.organization_level,u1_0.password,u1_0.phone,u1_0.real_name,u1_0.role,u1_0.updated_at,u1_0.username from users u1_0
Hibernate: select wo1_0.id,wo1_0.approved_at,wo1_0.approver_id,wo1_0.approver_name,wo1_0.assigned_at,wo1_0.assignee_id,wo1_0.assignee_name,wo1_0.category,wo1_0.completed_at,wo1_0.created_at,wo1_0.creator_dept,wo1_0.creator_id,wo1_0.creator_level,wo1_0.creator_name,wo1_0.deadline,wo1_0.description,wo1_0.priority,wo1_0.sla_minutes,wo1_0.status,wo1_0.title,wo1_0.updated_at,wo1_0.wo_code from work_order wo1_0
Hibernate: select wo1_0.id,wo1_0.approved_at,wo1_0.approver_id,wo1_0.approver_name,wo1_0.assigned_at,wo1_0.assignee_id,wo1_0.assignee_name,wo1_0.category,wo1_0.completed_at,wo1_0.created_at,wo1_0.creator_dept,wo1_0.creator_id,wo1_0.creator_level,wo1_0.creator_name,wo1_0.deadline,wo1_0.description,wo1_0.priority,wo1_0.sla_minutes,wo1_0.status,wo1_0.title,wo1_0.updated_at,wo1_0.wo_code from work_order wo1_0
Hibernate: select wo1_0.id,wo1_0.approved_at,wo1_0.approver_id,wo1_0.approver_name,wo1_0.assigned_at,wo1_0.assignee_id,wo1_0.assignee_name,wo1_0.category,wo1_0.completed_at,wo1_0.created_at,wo1_0.creator_dept,wo1_0.creator_id,wo1_0.creator_level,wo1_0.creator_name,wo1_0.deadline,wo1_0.description,wo1_0.priority,wo1_0.sla_minutes,wo1_0.status,wo1_0.title,wo1_0.updated_at,wo1_0.wo_code from work_order wo1_0
Hibernate: select wo1_0.id,wo1_0.approved_at,wo1_0.approver_id,wo1_0.approver_name,wo1_0.assigned_at,wo1_0.assignee_id,wo1_0.assignee_name,wo1_0.category,wo1_0.completed_at,wo1_0.created_at,wo1_0.creator_dept,wo1_0.creator_id,wo1_0.creator_level,wo1_0.creator_name,wo1_0.deadline,wo1_0.description,wo1_0.priority,wo1_0.sla_minutes,wo1_0.status,wo1_0.title,wo1_0.updated_at,wo1_0.wo_code from work_order wo1_0
Hibernate: select u1_0.id,u1_0.created_at,u1_0.department,u1_0.email,u1_0.enabled,u1_0.organization_level,u1_0.password,u1_0.phone,u1_0.real_name,u1_0.role,u1_0.updated_at,u1_0.username from users u1_0
Hibernate: select wo1_0.id,wo1_0.approved_at,wo1_0.approver_id,wo1_0.approver_name,wo1_0.assigned_at,wo1_0.assignee_id,wo1_0.assignee_name,wo1_0.category,wo1_0.completed_at,wo1_0.created_at,wo1_0.creator_dept,wo1_0.creator_id,wo1_0.creator_level,wo1_0.creator_name,wo1_0.deadline,wo1_0.description,wo1_0.priority,wo1_0.sla_minutes,wo1_0.status,wo1_0.title,wo1_0.updated_at,wo1_0.wo_code from work_order wo1_0
Hibernate: select wo1_0.id,wo1_0.approved_at,wo1_0.approver_id,wo1_0.approver_name,wo1_0.assigned_at,wo1_0.assignee_id,wo1_0.assignee_name,wo1_0.category,wo1_0.completed_at,wo1_0.created_at,wo1_0.creator_dept,wo1_0.creator_id,wo1_0.creator_level,wo1_0.creator_name,wo1_0.deadline,wo1_0.description,wo1_0.priority,wo1_0.sla_minutes,wo1_0.status,wo1_0.title,wo1_0.updated_at,wo1_0.wo_code from work_order wo1_0
Hibernate: select wo1_0.id,wo1_0.approved_at,wo1_0.approver_id,wo1_0.approver_name,wo1_0.assigned_at,wo1_0.assignee_id,wo1_0.assignee_name,wo1_0.category,wo1_0.completed_at,wo1_0.created_at,wo1_0.creator_dept,wo1_0.creator_id,wo1_0.creator_level,wo1_0.creator_name,wo1_0.deadline,wo1_0.description,wo1_0.priority,wo1_0.sla_minutes,wo1_0.status,wo1_0.title,wo1_0.updated_at,wo1_0.wo_code from work_order wo1_0
Hibernate: select u1_0.id,u1_0.created_at,u1_0.department,u1_0.email,u1_0.enabled,u1_0.organization_level,u1_0.password,u1_0.phone,u1_0.real_name,u1_0.role,u1_0.updated_at,u1_0.username from users u1_0
Hibernate: select wo1_0.id,wo1_0.approved_at,wo1_0.approver_id,wo1_0.approver_name,wo1_0.assigned_at,wo1_0.assignee_id,wo1_0.assignee_name,wo1_0.category,wo1_0.completed_at,wo1_0.created_at,wo1_0.creator_dept,wo1_0.creator_id,wo1_0.creator_level,wo1_0.creator_name,wo1_0.deadline,wo1_0.description,wo1_0.priority,wo1_0.sla_minutes,wo1_0.status,wo1_0.title,wo1_0.updated_at,wo1_0.wo_code from work_order wo1_0
Hibernate: select wo1_0.id,wo1_0.approved_at,wo1_0.approver_id,wo1_0.approver_name,wo1_0.assigned_at,wo1_0.assignee_id,wo1_0.assignee_name,wo1_0.category,wo1_0.completed_at,wo1_0.created_at,wo1_0.creator_dept,wo1_0.creator_id,wo1_0.creator_level,wo1_0.creator_name,wo1_0.deadline,wo1_0.description,wo1_0.priority,wo1_0.sla_minutes,wo1_0.status,wo1_0.title,wo1_0.updated_at,wo1_0.wo_code from work_order wo1_0
Hibernate: select wo1_0.id,wo1_0.approved_at,wo1_0.approver_id,wo1_0.approver_name,wo1_0.assigned_at,wo1_0.assignee_id,wo1_0.assignee_name,wo1_0.category,wo1_0.completed_at,wo1_0.created_at,wo1_0.creator_dept,wo1_0.creator_id,wo1_0.creator_level,wo1_0.creator_name,wo1_0.deadline,wo1_0.description,wo1_0.priority,wo1_0.sla_minutes,wo1_0.status,wo1_0.title,wo1_0.updated_at,wo1_0.wo_code from work_order wo1_0
Hibernate: select wo1_0.id,wo1_0.approved_at,wo1_0.approver_id,wo1_0.approver_name,wo1_0.assigned_at,wo1_0.assignee_id,wo1_0.assignee_name,wo1_0.category,wo1_0.completed_at,wo1_0.created_at,wo1_0.creator_dept,wo1_0.creator_id,wo1_0.creator_level,wo1_0.creator_name,wo1_0.deadline,wo1_0.description,wo1_0.priority,wo1_0.sla_minutes,wo1_0.status,wo1_0.title,wo1_0.updated_at,wo1_0.wo_code from work_order wo1_0
Hibernate: select wo1_0.id,wo1_0.approved_at,wo1_0.approver_id,wo1_0.approver_name,wo1_0.assigned_at,wo1_0.assignee_id,wo1_0.assignee_name,wo1_0.category,wo1_0.completed_at,wo1_0.created_at,wo1_0.creator_dept,wo1_0.creator_id,wo1_0.creator_level,wo1_0.creator_name,wo1_0.deadline,wo1_0.description,wo1_0.priority,wo1_0.sla_minutes,wo1_0.status,wo1_0.title,wo1_0.updated_at,wo1_0.wo_code from work_order wo1_0
Hibernate: select u1_0.id,u1_0.created_at,u1_0.department,u1_0.email,u1_0.enabled,u1_0.organization_level,u1_0.password,u1_0.phone,u1_0.real_name,u1_0.role,u1_0.updated_at,u1_0.username from users u1_0
Hibernate: select wo1_0.id,wo1_0.approved_at,wo1_0.approver_id,wo1_0.approver_name,wo1_0.assigned_at,wo1_0.assignee_id,wo1_0.assignee_name,wo1_0.category,wo1_0.completed_at,wo1_0.created_at,wo1_0.creator_dept,wo1_0.creator_id,wo1_0.creator_level,wo1_0.creator_name,wo1_0.deadline,wo1_0.description,wo1_0.priority,wo1_0.sla_minutes,wo1_0.status,wo1_0.title,wo1_0.updated_at,wo1_0.wo_code from work_order wo1_0
Hibernate: select u1_0.id,u1_0.created_at,u1_0.department,u1_0.email,u1_0.enabled,u1_0.organization_level,u1_0.password,u1_0.phone,u1_0.real_name,u1_0.role,u1_0.updated_at,u1_0.username from users u1_0
Hibernate: select wo1_0.id,wo1_0.approved_at,wo1_0.approver_id,wo1_0.approver_name,wo1_0.assigned_at,wo1_0.assignee_id,wo1_0.assignee_name,wo1_0.category,wo1_0.completed_at,wo1_0.created_at,wo1_0.creator_dept,wo1_0.creator_id,wo1_0.creator_level,wo1_0.creator_name,wo1_0.deadline,wo1_0.description,wo1_0.priority,wo1_0.sla_minutes,wo1_0.status,wo1_0.title,wo1_0.updated_at,wo1_0.wo_code from work_order wo1_0
Hibernate: select wo1_0.id,wo1_0.approved_at,wo1_0.approver_id,wo1_0.approver_name,wo1_0.assigned_at,wo1_0.assignee_id,wo1_0.assignee_name,wo1_0.category,wo1_0.completed_at,wo1_0.created_at,wo1_0.creator_dept,wo1_0.creator_id,wo1_0.creator_level,wo1_0.creator_name,wo1_0.deadline,wo1_0.description,wo1_0.priority,wo1_0.sla_minutes,wo1_0.status,wo1_0.title,wo1_0.updated_at,wo1_0.wo_code from work_order wo1_0
Hibernate: select wo1_0.id,wo1_0.approved_at,wo1_0.approver_id,wo1_0.approver_name,wo1_0.assigned_at,wo1_0.assignee_id,wo1_0.assignee_name,wo1_0.category,wo1_0.completed_at,wo1_0.created_at,wo1_0.creator_dept,wo1_0.creator_id,wo1_0.creator_level,wo1_0.creator_name,wo1_0.deadline,wo1_0.description,wo1_0.priority,wo1_0.sla_minutes,wo1_0.status,wo1_0.title,wo1_0.updated_at,wo1_0.wo_code from work_order wo1_0
Hibernate: select wo1_0.id,wo1_0.approved_at,wo1_0.approver_id,wo1_0.approver_name,wo1_0.assigned_at,wo1_0.assignee_id,wo1_0.assignee_name,wo1_0.category,wo1_0.completed_at,wo1_0.created_at,wo1_0.creator_dept,wo1_0.creator_id,wo1_0.creator_level,wo1_0.creator_name,wo1_0.deadline,wo1_0.description,wo1_0.priority,wo1_0.sla_minutes,wo1_0.status,wo1_0.title,wo1_0.updated_at,wo1_0.wo_code from work_order wo1_0
Hibernate: select wo1_0.id,wo1_0.approved_at,wo1_0.approver_id,wo1_0.approver_name,wo1_0.assigned_at,wo1_0.assignee_id,wo1_0.assignee_name,wo1_0.category,wo1_0.completed_at,wo1_0.created_at,wo1_0.creator_dept,wo1_0.creator_id,wo1_0.creator_level,wo1_0.creator_name,wo1_0.deadline,wo1_0.description,wo1_0.priority,wo1_0.sla_minutes,wo1_0.status,wo1_0.title,wo1_0.updated_at,wo1_0.wo_code from work_order wo1_0
Hibernate: select u1_0.id,u1_0.created_at,u1_0.department,u1_0.email,u1_0.enabled,u1_0.organization_level,u1_0.password,u1_0.phone,u1_0.real_name,u1_0.role,u1_0.updated_at,u1_0.username from users u1_0
Hibernate: select u1_0.id,u1_0.created_at,u1_0.department,u1_0.email,u1_0.enabled,u1_0.organization_level,u1_0.password,u1_0.phone,u1_0.real_name,u1_0.role,u1_0.updated_at,u1_0.username from users u1_0
Hibernate: select wo1_0.id,wo1_0.approved_at,wo1_0.approver_id,wo1_0.approver_name,wo1_0.assigned_at,wo1_0.assignee_id,wo1_0.assignee_name,wo1_0.category,wo1_0.completed_at,wo1_0.created_at,wo1_0.creator_dept,wo1_0.creator_id,wo1_0.creator_level,wo1_0.creator_name,wo1_0.deadline,wo1_0.description,wo1_0.priority,wo1_0.sla_minutes,wo1_0.status,wo1_0.title,wo1_0.updated_at,wo1_0.wo_code from work_order wo1_0
Hibernate: select wo1_0.id,wo1_0.approved_at,wo1_0.approver_id,wo1_0.approver_name,wo1_0.assigned_at,wo1_0.assignee_id,wo1_0.assignee_name,wo1_0.category,wo1_0.completed_at,wo1_0.created_at,wo1_0.creator_dept,wo1_0.creator_id,wo1_0.creator_level,wo1_0.creator_name,wo1_0.deadline,wo1_0.description,wo1_0.priority,wo1_0.sla_minutes,wo1_0.status,wo1_0.title,wo1_0.updated_at,wo1_0.wo_code from work_order wo1_0
Hibernate: select wo1_0.id,wo1_0.approved_at,wo1_0.approver_id,wo1_0.approver_name,wo1_0.assigned_at,wo1_0.assignee_id,wo1_0.assignee_name,wo1_0.category,wo1_0.completed_at,wo1_0.created_at,wo1_0.creator_dept,wo1_0.creator_id,wo1_0.creator_level,wo1_0.creator_name,wo1_0.deadline,wo1_0.description,wo1_0.priority,wo1_0.sla_minutes,wo1_0.status,wo1_0.title,wo1_0.updated_at,wo1_0.wo_code from work_order wo1_0
Hibernate: select wo1_0.id,wo1_0.approved_at,wo1_0.approver_id,wo1_0.approver_name,wo1_0.assigned_at,wo1_0.assignee_id,wo1_0.assignee_name,wo1_0.category,wo1_0.completed_at,wo1_0.created_at,wo1_0.creator_dept,wo1_0.creator_id,wo1_0.creator_level,wo1_0.creator_name,wo1_0.deadline,wo1_0.description,wo1_0.priority,wo1_0.sla_minutes,wo1_0.status,wo1_0.title,wo1_0.updated_at,wo1_0.wo_code from work_order wo1_0
Hibernate: select u1_0.id,u1_0.created_at,u1_0.department,u1_0.email,u1_0.enabled,u1_0.organization_level,u1_0.password,u1_0.phone,u1_0.real_name,u1_0.role,u1_0.updated_at,u1_0.username from users u1_0
Hibernate: select wo1_0.id,wo1_0.approved_at,wo1_0.approver_id,wo1_0.approver_name,wo1_0.assigned_at,wo1_0.assignee_id,wo1_0.assignee_name,wo1_0.category,wo1_0.completed_at,wo1_0.created_at,wo1_0.creator_dept,wo1_0.creator_id,wo1_0.creator_level,wo1_0.creator_name,wo1_0.deadline,wo1_0.description,wo1_0.priority,wo1_0.sla_minutes,wo1_0.status,wo1_0.title,wo1_0.updated_at,wo1_0.wo_code from work_order wo1_0
Hibernate: select wo1_0.id,wo1_0.approved_at,wo1_0.approver_id,wo1_0.approver_name,wo1_0.assigned_at,wo1_0.assignee_id,wo1_0.assignee_name,wo1_0.category,wo1_0.completed_at,wo1_0.created_at,wo1_0.creator_dept,wo1_0.creator_id,wo1_0.creator_level,wo1_0.creator_name,wo1_0.deadline,wo1_0.description,wo1_0.priority,wo1_0.sla_minutes,wo1_0.status,wo1_0.title,wo1_0.updated_at,wo1_0.wo_code from work_order wo1_0
Hibernate: select u1_0.id,u1_0.created_at,u1_0.department,u1_0.email,u1_0.enabled,u1_0.organization_level,u1_0.password,u1_0.phone,u1_0.real_name,u1_0.role,u1_0.updated_at,u1_0.username from users u1_0
Hibernate: select wo1_0.id,wo1_0.approved_at,wo1_0.approver_id,wo1_0.approver_name,wo1_0.assigned_at,wo1_0.assignee_id,wo1_0.assignee_name,wo1_0.category,wo1_0.completed_at,wo1_0.created_at,wo1_0.creator_dept,wo1_0.creator_id,wo1_0.creator_level,wo1_0.creator_name,wo1_0.deadline,wo1_0.description,wo1_0.priority,wo1_0.sla_minutes,wo1_0.status,wo1_0.title,wo1_0.updated_at,wo1_0.wo_code from work_order wo1_0
Hibernate: select wo1_0.id,wo1_0.approved_at,wo1_0.approver_id,wo1_0.approver_name,wo1_0.assigned_at,wo1_0.assignee_id,wo1_0.assignee_name,wo1_0.category,wo1_0.completed_at,wo1_0.created_at,wo1_0.creator_dept,wo1_0.creator_id,wo1_0.creator_level,wo1_0.creator_name,wo1_0.deadline,wo1_0.description,wo1_0.priority,wo1_0.sla_minutes,wo1_0.status,wo1_0.title,wo1_0.updated_at,wo1_0.wo_code from work_order wo1_0
Hibernate: select wo1_0.id,wo1_0.approved_at,wo1_0.approver_id,wo1_0.approver_name,wo1_0.assigned_at,wo1_0.assignee_id,wo1_0.assignee_name,wo1_0.category,wo1_0.completed_at,wo1_0.created_at,wo1_0.creator_dept,wo1_0.creator_id,wo1_0.creator_level,wo1_0.creator_name,wo1_0.deadline,wo1_0.description,wo1_0.priority,wo1_0.sla_minutes,wo1_0.status,wo1_0.title,wo1_0.updated_at,wo1_0.wo_code from work_order wo1_0
Hibernate: select wo1_0.id,wo1_0.approved_at,wo1_0.approver_id,wo1_0.approver_name,wo1_0.assigned_at,wo1_0.assignee_id,wo1_0.assignee_name,wo1_0.category,wo1_0.completed_at,wo1_0.created_at,wo1_0.creator_dept,wo1_0.creator_id,wo1_0.creator_level,wo1_0.creator_name,wo1_0.deadline,wo1_0.description,wo1_0.priority,wo1_0.sla_minutes,wo1_0.status,wo1_0.title,wo1_0.updated_at,wo1_0.wo_code from work_order wo1_0
Hibernate: select u1_0.id,u1_0.created_at,u1_0.department,u1_0.email,u1_0.enabled,u1_0.organization_level,u1_0.password,u1_0.phone,u1_0.real_name,u1_0.role,u1_0.updated_at,u1_0.username from users u1_0
Hibernate: select wo1_0.id,wo1_0.approved_at,wo1_0.approver_id,wo1_0.approver_name,wo1_0.assigned_at,wo1_0.assignee_id,wo1_0.assignee_name,wo1_0.category,wo1_0.completed_at,wo1_0.created_at,wo1_0.creator_dept,wo1_0.creator_id,wo1_0.creator_level,wo1_0.creator_name,wo1_0.deadline,wo1_0.description,wo1_0.priority,wo1_0.sla_minutes,wo1_0.status,wo1_0.title,wo1_0.updated_at,wo1_0.wo_code from work_order wo1_0
Hibernate: select wo1_0.id,wo1_0.approved_at,wo1_0.approver_id,wo1_0.approver_name,wo1_0.assigned_at,wo1_0.assignee_id,wo1_0.assignee_name,wo1_0.category,wo1_0.completed_at,wo1_0.created_at,wo1_0.creator_dept,wo1_0.creator_id,wo1_0.creator_level,wo1_0.creator_name,wo1_0.deadline,wo1_0.description,wo1_0.priority,wo1_0.sla_minutes,wo1_0.status,wo1_0.title,wo1_0.updated_at,wo1_0.wo_code from work_order wo1_0
Hibernate: select u1_0.id,u1_0.created_at,u1_0.department,u1_0.email,u1_0.enabled,u1_0.organization_level,u1_0.password,u1_0.phone,u1_0.real_name,u1_0.role,u1_0.updated_at,u1_0.username from users u1_0
Hibernate: select wo1_0.id,wo1_0.approved_at,wo1_0.approver_id,wo1_0.approver_name,wo1_0.assigned_at,wo1_0.assignee_id,wo1_0.assignee_name,wo1_0.category,wo1_0.completed_at,wo1_0.created_at,wo1_0.creator_dept,wo1_0.creator_id,wo1_0.creator_level,wo1_0.creator_name,wo1_0.deadline,wo1_0.description,wo1_0.priority,wo1_0.sla_minutes,wo1_0.status,wo1_0.title,wo1_0.updated_at,wo1_0.wo_code from work_order wo1_0
Hibernate: select wo1_0.id,wo1_0.approved_at,wo1_0.approver_id,wo1_0.approver_name,wo1_0.assigned_at,wo1_0.assignee_id,wo1_0.assignee_name,wo1_0.category,wo1_0.completed_at,wo1_0.created_at,wo1_0.creator_dept,wo1_0.creator_id,wo1_0.creator_level,wo1_0.creator_name,wo1_0.deadline,wo1_0.description,wo1_0.priority,wo1_0.sla_minutes,wo1_0.status,wo1_0.title,wo1_0.updated_at,wo1_0.wo_code from work_order wo1_0
Hibernate: select wo1_0.id,wo1_0.approved_at,wo1_0.approver_id,wo1_0.approver_name,wo1_0.assigned_at,wo1_0.assignee_id,wo1_0.assignee_name,wo1_0.category,wo1_0.completed_at,wo1_0.created_at,wo1_0.creator_dept,wo1_0.creator_id,wo1_0.creator_level,wo1_0.creator_name,wo1_0.deadline,wo1_0.description,wo1_0.priority,wo1_0.sla_minutes,wo1_0.status,wo1_0.title,wo1_0.updated_at,wo1_0.wo_code from work_order wo1_0
Hibernate: select u1_0.id,u1_0.created_at,u1_0.department,u1_0.email,u1_0.enabled,u1_0.organization_level,u1_0.password,u1_0.phone,u1_0.real_name,u1_0.role,u1_0.updated_at,u1_0.username from users u1_0
Hibernate: select wo1_0.id,wo1_0.approved_at,wo1_0.approver_id,wo1_0.approver_name,wo1_0.assigned_at,wo1_0.assignee_id,wo1_0.assignee_name,wo1_0.category,wo1_0.completed_at,wo1_0.created_at,wo1_0.creator_dept,wo1_0.creator_id,wo1_0.creator_level,wo1_0.creator_name,wo1_0.deadline,wo1_0.description,wo1_0.priority,wo1_0.sla_minutes,wo1_0.status,wo1_0.title,wo1_0.updated_at,wo1_0.wo_code from work_order wo1_0
Hibernate: select wo1_0.id,wo1_0.approved_at,wo1_0.approver_id,wo1_0.approver_name,wo1_0.assigned_at,wo1_0.assignee_id,wo1_0.assignee_name,wo1_0.category,wo1_0.completed_at,wo1_0.created_at,wo1_0.creator_dept,wo1_0.creator_id,wo1_0.creator_level,wo1_0.creator_name,wo1_0.deadline,wo1_0.description,wo1_0.priority,wo1_0.sla_minutes,wo1_0.status,wo1_0.title,wo1_0.updated_at,wo1_0.wo_code from work_order wo1_0
Hibernate: select wo1_0.id,wo1_0.approved_at,wo1_0.approver_id,wo1_0.approver_name,wo1_0.assigned_at,wo1_0.assignee_id,wo1_0.assignee_name,wo1_0.category,wo1_0.completed_at,wo1_0.created_at,wo1_0.creator_dept,wo1_0.creator_id,wo1_0.creator_level,wo1_0.creator_name,wo1_0.deadline,wo1_0.description,wo1_0.priority,wo1_0.sla_minutes,wo1_0.status,wo1_0.title,wo1_0.updated_at,wo1_0.wo_code from work_order wo1_0
Hibernate: select wo1_0.id,wo1_0.approved_at,wo1_0.approver_id,wo1_0.approver_name,wo1_0.assigned_at,wo1_0.assignee_id,wo1_0.assignee_name,wo1_0.category,wo1_0.completed_at,wo1_0.created_at,wo1_0.creator_dept,wo1_0.creator_id,wo1_0.creator_level,wo1_0.creator_name,wo1_0.deadline,wo1_0.description,wo1_0.priority,wo1_0.sla_minutes,wo1_0.status,wo1_0.title,wo1_0.updated_at,wo1_0.wo_code from work_order wo1_0
Hibernate: select wo1_0.id,wo1_0.approved_at,wo1_0.approver_id,wo1_0.approver_name,wo1_0.assigned_at,wo1_0.assignee_id,wo1_0.assignee_name,wo1_0.category,wo1_0.completed_at,wo1_0.created_at,wo1_0.creator_dept,wo1_0.creator_id,wo1_0.creator_level,wo1_0.creator_name,wo1_0.deadline,wo1_0.description,wo1_0.priority,wo1_0.sla_minutes,wo1_0.status,wo1_0.title,wo1_0.updated_at,wo1_0.wo_code from work_order wo1_0
Hibernate: select u1_0.id,u1_0.created_at,u1_0.department,u1_0.email,u1_0.enabled,u1_0.organization_level,u1_0.password,u1_0.phone,u1_0.real_name,u1_0.role,u1_0.updated_at,u1_0.username from users u1_0
Hibernate: select wo1_0.id,wo1_0.approved_at,wo1_0.approver_id,wo1_0.approver_name,wo1_0.assigned_at,wo1_0.assignee_id,wo1_0.assignee_name,wo1_0.category,wo1_0.completed_at,wo1_0.created_at,wo1_0.creator_dept,wo1_0.creator_id,wo1_0.creator_level,wo1_0.creator_name,wo1_0.deadline,wo1_0.description,wo1_0.priority,wo1_0.sla_minutes,wo1_0.status,wo1_0.title,wo1_0.updated_at,wo1_0.wo_code from work_order wo1_0
Hibernate: select wo1_0.id,wo1_0.approved_at,wo1_0.approver_id,wo1_0.approver_name,wo1_0.assigned_at,wo1_0.assignee_id,wo1_0.assignee_name,wo1_0.category,wo1_0.completed_at,wo1_0.created_at,wo1_0.creator_dept,wo1_0.creator_id,wo1_0.creator_level,wo1_0.creator_name,wo1_0.deadline,wo1_0.description,wo1_0.priority,wo1_0.sla_minutes,wo1_0.status,wo1_0.title,wo1_0.updated_at,wo1_0.wo_code from work_order wo1_0
Hibernate: select u1_0.id,u1_0.created_at,u1_0.department,u1_0.email,u1_0.enabled,u1_0.organization_level,u1_0.password,u1_0.phone,u1_0.real_name,u1_0.role,u1_0.updated_at,u1_0.username from users u1_0
Hibernate: select wo1_0.id,wo1_0.approved_at,wo1_0.approver_id,wo1_0.approver_name,wo1_0.assigned_at,wo1_0.assignee_id,wo1_0.assignee_name,wo1_0.category,wo1_0.completed_at,wo1_0.created_at,wo1_0.creator_dept,wo1_0.creator_id,wo1_0.creator_level,wo1_0.creator_name,wo1_0.deadline,wo1_0.description,wo1_0.priority,wo1_0.sla_minutes,wo1_0.status,wo1_0.title,wo1_0.updated_at,wo1_0.wo_code from work_order wo1_0
Hibernate: select wo1_0.id,wo1_0.approved_at,wo1_0.approver_id,wo1_0.approver_name,wo1_0.assigned_at,wo1_0.assignee_id,wo1_0.assignee_name,wo1_0.category,wo1_0.completed_at,wo1_0.created_at,wo1_0.creator_dept,wo1_0.creator_id,wo1_0.creator_level,wo1_0.creator_name,wo1_0.deadline,wo1_0.description,wo1_0.priority,wo1_0.sla_minutes,wo1_0.status,wo1_0.title,wo1_0.updated_at,wo1_0.wo_code from work_order wo1_0
Hibernate: select wo1_0.id,wo1_0.approved_at,wo1_0.approver_id,wo1_0.approver_name,wo1_0.assigned_at,wo1_0.assignee_id,wo1_0.assignee_name,wo1_0.category,wo1_0.completed_at,wo1_0.created_at,wo1_0.creator_dept,wo1_0.creator_id,wo1_0.creator_level,wo1_0.creator_name,wo1_0.deadline,wo1_0.description,wo1_0.priority,wo1_0.sla_minutes,wo1_0.status,wo1_0.title,wo1_0.updated_at,wo1_0.wo_code from work_order wo1_0
Hibernate: select wo1_0.id,wo1_0.approved_at,wo1_0.approver_id,wo1_0.approver_name,wo1_0.assigned_at,wo1_0.assignee_id,wo1_0.assignee_name,wo1_0.category,wo1_0.completed_at,wo1_0.created_at,wo1_0.creator_dept,wo1_0.creator_id,wo1_0.creator_level,wo1_0.creator_name,wo1_0.deadline,wo1_0.description,wo1_0.priority,wo1_0.sla_minutes,wo1_0.status,wo1_0.title,wo1_0.updated_at,wo1_0.wo_code from work_order wo1_0
Hibernate: select u1_0.id,u1_0.created_at,u1_0.department,u1_0.email,u1_0.enabled,u1_0.organization_level,u1_0.password,u1_0.phone,u1_0.real_name,u1_0.role,u1_0.updated_at,u1_0.username from users u1_0
Hibernate: select wo1_0.id,wo1_0.approved_at,wo1_0.approver_id,wo1_0.approver_name,wo1_0.assigned_at,wo1_0.assignee_id,wo1_0.assignee_name,wo1_0.category,wo1_0.completed_at,wo1_0.created_at,wo1_0.creator_dept,wo1_0.creator_id,wo1_0.creator_level,wo1_0.creator_name,wo1_0.deadline,wo1_0.description,wo1_0.priority,wo1_0.sla_minutes,wo1_0.status,wo1_0.title,wo1_0.updated_at,wo1_0.wo_code from work_order wo1_0
