[INFO] Scanning for projects...
[INFO] 
[INFO] -------------< io.github.glitteringuniverse:ops-workorder >-------------
[INFO] Building ops-workorder 1.0.0-SNAPSHOT
[INFO]   from pom.xml
[INFO] --------------------------------[ jar ]---------------------------------
[INFO] 
[INFO] >>> spring-boot:3.3.0:run (default-cli) > test-compile @ ops-workorder >>>
[INFO] 
[INFO] --- resources:3.3.1:resources (default-resources) @ ops-workorder ---
[INFO] Copying 1 resource from src/main/resources to target/classes
[INFO] Copying 3 resources from src/main/resources to target/classes
[INFO] 
[INFO] --- compiler:3.11.0:compile (default-compile) @ ops-workorder ---
[INFO] Nothing to compile - all classes are up to date
[INFO] 
[INFO] --- resources:3.3.1:testResources (default-testResources) @ ops-workorder ---
[INFO] skip non existing resourceDirectory /Users/wushuo/Desktop/软工大作业/ops-workorder-simple-gh/backend/src/test/resources
[INFO] 
[INFO] --- compiler:3.11.0:testCompile (default-testCompile) @ ops-workorder ---
[INFO] No sources to compile
[INFO] 
[INFO] <<< spring-boot:3.3.0:run (default-cli) < test-compile @ ops-workorder <<<
[INFO] 
[INFO] 
[INFO] --- spring-boot:3.3.0:run (default-cli) @ ops-workorder ---
[INFO] Attaching agents: []
  .   ____          _            __ _ _
 /\\ / ___'_ __ _ _(_)_ __  __ _ \ \ \ \
( ( )\___ | '_ | '_| | '_ \/ _` | \ \ \ \
 \\/  ___)| |_)| | | | | || (_| |  ) ) ) )
  '  |____| .__|_| |_|_| |_\__, | / / / /
 =========|_|==============|___/=/_/_/_/

 :: Spring Boot ::                (v3.3.0)

2025-06-10T16:07:49.729+08:00  INFO 37556 --- [           main] i.g.g.OpsWorkorderApplication            : Starting OpsWorkorderApplication using Java 21.0.7 with PID 37556 (/Users/wushuo/Desktop/软工大作业/ops-workorder-simple-gh/backend/target/classes started by wushuo in /Users/wushuo/Desktop/软工大作业/ops-workorder-simple-gh/backend)
2025-06-10T16:07:49.730+08:00  INFO 37556 --- [           main] i.g.g.OpsWorkorderApplication            : No active profile set, falling back to 1 default profile: "default"
2025-06-10T16:07:49.947+08:00  INFO 37556 --- [           main] .s.d.r.c.RepositoryConfigurationDelegate : Bootstrapping Spring Data JPA repositories in DEFAULT mode.
2025-06-10T16:07:49.967+08:00  INFO 37556 --- [           main] .s.d.r.c.RepositoryConfigurationDelegate : Finished Spring Data repository scanning in 18 ms. Found 4 JPA repository interfaces.
2025-06-10T16:07:50.151+08:00  INFO 37556 --- [           main] o.s.b.w.embedded.tomcat.TomcatWebServer  : Tomcat initialized with port 8080 (http)
2025-06-10T16:07:50.156+08:00  INFO 37556 --- [           main] o.apache.catalina.core.StandardService   : Starting service [Tomcat]
2025-06-10T16:07:50.156+08:00  INFO 37556 --- [           main] o.apache.catalina.core.StandardEngine    : Starting Servlet engine: [Apache Tomcat/10.1.24]
2025-06-10T16:07:50.174+08:00  INFO 37556 --- [           main] o.a.c.c.C.[Tomcat].[localhost].[/]       : Initializing Spring embedded WebApplicationContext
2025-06-10T16:07:50.174+08:00  INFO 37556 --- [           main] w.s.c.ServletWebServerApplicationContext : Root WebApplicationContext: initialization completed in 430 ms
2025-06-10T16:07:50.249+08:00  INFO 37556 --- [           main] com.zaxxer.hikari.HikariDataSource       : HikariPool-1 - Starting...
2025-06-10T16:07:50.314+08:00  INFO 37556 --- [           main] com.zaxxer.hikari.pool.HikariPool        : HikariPool-1 - Added connection com.mysql.cj.jdbc.ConnectionImpl@281b2dfd
2025-06-10T16:07:50.314+08:00  INFO 37556 --- [           main] com.zaxxer.hikari.HikariDataSource       : HikariPool-1 - Start completed.
2025-06-10T16:07:50.342+08:00  INFO 37556 --- [           main] org.flywaydb.core.FlywayExecutor         : Database: jdbc:mysql://localhost:3306/ops (MySQL 8.4)
2025-06-10T16:07:50.352+08:00  WARN 37556 --- [           main] o.f.c.internal.database.base.Database    : Flyway upgrade recommended: MySQL 8.4 is newer than this version of Flyway and support has not been tested. The latest supported version of MySQL is 8.1.
2025-06-10T16:07:50.377+08:00  INFO 37556 --- [           main] o.f.core.internal.command.DbValidate     : Successfully validated 3 migrations (execution time 00:00.018s)
2025-06-10T16:07:50.391+08:00  INFO 37556 --- [           main] o.f.core.internal.command.DbMigrate      : Current version of schema `ops`: 3
2025-06-10T16:07:50.392+08:00  INFO 37556 --- [           main] o.f.core.internal.command.DbMigrate      : Schema `ops` is up to date. No migration necessary.
2025-06-10T16:07:50.419+08:00  INFO 37556 --- [           main] o.hibernate.jpa.internal.util.LogHelper  : HHH000204: Processing PersistenceUnitInfo [name: default]
2025-06-10T16:07:50.436+08:00  INFO 37556 --- [           main] org.hibernate.Version                    : HHH000412: Hibernate ORM core version 6.5.2.Final
2025-06-10T16:07:50.447+08:00  INFO 37556 --- [           main] o.h.c.internal.RegionFactoryInitiator    : HHH000026: Second-level cache disabled
2025-06-10T16:07:50.535+08:00  INFO 37556 --- [           main] o.s.o.j.p.SpringPersistenceUnitInfo      : No LoadTimeWeaver setup: ignoring JPA class transformer
2025-06-10T16:07:50.871+08:00  INFO 37556 --- [           main] o.h.e.t.j.p.i.JtaPlatformInitiator       : HHH000489: No JTA platform available (set 'hibernate.transaction.jta.platform' to enable JTA platform integration)
2025-06-10T16:07:50.887+08:00  INFO 37556 --- [           main] j.LocalContainerEntityManagerFactoryBean : Initialized JPA EntityManagerFactory for persistence unit 'default'
2025-06-10T16:07:50.986+08:00  INFO 37556 --- [           main] o.s.d.j.r.query.QueryEnhancerFactory     : Hibernate is in classpath; If applicable, HQL parser will be used.
2025-06-10T16:07:51.193+08:00  WARN 37556 --- [           main] JpaBaseConfiguration$JpaWebConfiguration : spring.jpa.open-in-view is enabled by default. Therefore, database queries may be performed during view rendering. Explicitly configure spring.jpa.open-in-view to disable this warning
2025-06-10T16:07:51.199+08:00  WARN 37556 --- [           main] .s.s.UserDetailsServiceAutoConfiguration : 

Using generated security password: ee21a3ce-0070-4b3a-a35d-c5811dae6294

This generated password is for development use only. Your security configuration must be updated before running your application in production.

2025-06-10T16:07:51.201+08:00  INFO 37556 --- [           main] r$InitializeUserDetailsManagerConfigurer : Global AuthenticationManager configured with UserDetailsService bean with name inMemoryUserDetailsManager
2025-06-10T16:07:51.289+08:00  INFO 37556 --- [           main] o.s.s.web.DefaultSecurityFilterChain     : Will secure any request with [org.springframework.security.web.session.DisableEncodeUrlFilter@73daf6a6, org.springframework.security.web.context.request.async.WebAsyncManagerIntegrationFilter@59ea2a36, org.springframework.security.web.context.SecurityContextHolderFilter@4e44b713, org.springframework.security.web.header.HeaderWriterFilter@6b8de9dc, org.springframework.web.filter.CorsFilter@5e24f013, org.springframework.security.web.authentication.logout.LogoutFilter@6ef3f72c, org.springframework.security.web.savedrequest.RequestCacheAwareFilter@5d8319a7, org.springframework.security.web.servletapi.SecurityContextHolderAwareRequestFilter@71d92487, org.springframework.security.web.authentication.AnonymousAuthenticationFilter@feb0f52, org.springframework.security.web.access.ExceptionTranslationFilter@29922188, org.springframework.security.web.access.intercept.AuthorizationFilter@549fc0b3]
2025-06-10T16:07:51.363+08:00  INFO 37556 --- [           main] o.s.b.w.embedded.tomcat.TomcatWebServer  : Tomcat started on port 8080 (http) with context path '/'
2025-06-10T16:07:51.366+08:00  INFO 37556 --- [           main] i.g.g.OpsWorkorderApplication            : Started OpsWorkorderApplication in 1.764 seconds (process running for 1.881)
2025-06-10T16:08:08.931+08:00  INFO 37556 --- [nio-8080-exec-1] o.a.c.c.C.[Tomcat].[localhost].[/]       : Initializing Spring DispatcherServlet 'dispatcherServlet'
2025-06-10T16:08:08.931+08:00  INFO 37556 --- [nio-8080-exec-1] o.s.web.servlet.DispatcherServlet        : Initializing Servlet 'dispatcherServlet'
2025-06-10T16:08:08.932+08:00  INFO 37556 --- [nio-8080-exec-1] o.s.web.servlet.DispatcherServlet        : Completed initialization in 1 ms
Hibernate: select u1_0.id,u1_0.created_at,u1_0.department,u1_0.email,u1_0.enabled,u1_0.organization_level,u1_0.password,u1_0.phone,u1_0.real_name,u1_0.role,u1_0.updated_at,u1_0.username from users u1_0
Hibernate: select wo1_0.id,wo1_0.approved_at,wo1_0.approver_id,wo1_0.approver_name,wo1_0.assigned_at,wo1_0.assignee_id,wo1_0.assignee_name,wo1_0.category,wo1_0.completed_at,wo1_0.created_at,wo1_0.creator_dept,wo1_0.creator_id,wo1_0.creator_level,wo1_0.creator_name,wo1_0.deadline,wo1_0.description,wo1_0.priority,wo1_0.sla_minutes,wo1_0.status,wo1_0.title,wo1_0.updated_at,wo1_0.wo_code from work_order wo1_0 where wo1_0.id=?
Hibernate: select u1_0.id,u1_0.created_at,u1_0.department,u1_0.email,u1_0.enabled,u1_0.organization_level,u1_0.password,u1_0.phone,u1_0.real_name,u1_0.role,u1_0.updated_at,u1_0.username from users u1_0 where u1_0.id=?
Hibernate: select af1_0.id,af1_0.approved_at,af1_0.approver_dept,af1_0.approver_id,af1_0.approver_name,af1_0.approver_role,af1_0.comment,af1_0.created_at,af1_0.status,af1_0.step_order,af1_0.work_order_id from approval_flow af1_0 where af1_0.work_order_id=? and af1_0.status='PENDING' order by af1_0.step_order
Hibernate: update approval_flow set approved_at=?,approver_dept=?,approver_id=?,approver_name=?,approver_role=?,comment=?,created_at=?,status=?,step_order=?,work_order_id=? where id=?
Hibernate: select af1_0.id,af1_0.approved_at,af1_0.approver_dept,af1_0.approver_id,af1_0.approver_name,af1_0.approver_role,af1_0.comment,af1_0.created_at,af1_0.status,af1_0.step_order,af1_0.work_order_id from approval_flow af1_0 where af1_0.work_order_id=? and af1_0.status='PENDING' order by af1_0.step_order
Hibernate: insert into work_order_log (action,comment,created_at,from_status,to_status,user_id,user_name,work_order_id) values (?,?,?,?,?,?,?,?)
Hibernate: update work_order set approved_at=?,approver_id=?,approver_name=?,assigned_at=?,assignee_id=?,assignee_name=?,category=?,completed_at=?,created_at=?,creator_dept=?,creator_id=?,creator_level=?,creator_name=?,deadline=?,description=?,priority=?,sla_minutes=?,status=?,title=?,updated_at=?,wo_code=? where id=?
Hibernate: select wo1_0.id,wo1_0.approved_at,wo1_0.approver_id,wo1_0.approver_name,wo1_0.assigned_at,wo1_0.assignee_id,wo1_0.assignee_name,wo1_0.category,wo1_0.completed_at,wo1_0.created_at,wo1_0.creator_dept,wo1_0.creator_id,wo1_0.creator_level,wo1_0.creator_name,wo1_0.deadline,wo1_0.description,wo1_0.priority,wo1_0.sla_minutes,wo1_0.status,wo1_0.title,wo1_0.updated_at,wo1_0.wo_code from work_order wo1_0 where wo1_0.id=?
Hibernate: select u1_0.id,u1_0.created_at,u1_0.department,u1_0.email,u1_0.enabled,u1_0.organization_level,u1_0.password,u1_0.phone,u1_0.real_name,u1_0.role,u1_0.updated_at,u1_0.username from users u1_0 where u1_0.id=?
Hibernate: select af1_0.id,af1_0.approved_at,af1_0.approver_dept,af1_0.approver_id,af1_0.approver_name,af1_0.approver_role,af1_0.comment,af1_0.created_at,af1_0.status,af1_0.step_order,af1_0.work_order_id from approval_flow af1_0 where af1_0.work_order_id=? and af1_0.status='PENDING' order by af1_0.step_order
Hibernate: update approval_flow set approved_at=?,approver_dept=?,approver_id=?,approver_name=?,approver_role=?,comment=?,created_at=?,status=?,step_order=?,work_order_id=? where id=?
Hibernate: select af1_0.id,af1_0.approved_at,af1_0.approver_dept,af1_0.approver_id,af1_0.approver_name,af1_0.approver_role,af1_0.comment,af1_0.created_at,af1_0.status,af1_0.step_order,af1_0.work_order_id from approval_flow af1_0 where af1_0.work_order_id=? and af1_0.status='PENDING' order by af1_0.step_order
Hibernate: insert into work_order_log (action,comment,created_at,from_status,to_status,user_id,user_name,work_order_id) values (?,?,?,?,?,?,?,?)
Hibernate: update work_order set approved_at=?,approver_id=?,approver_name=?,assigned_at=?,assignee_id=?,assignee_name=?,category=?,completed_at=?,created_at=?,creator_dept=?,creator_id=?,creator_level=?,creator_name=?,deadline=?,description=?,priority=?,sla_minutes=?,status=?,title=?,updated_at=?,wo_code=? where id=?
Hibernate: select u1_0.id,u1_0.created_at,u1_0.department,u1_0.email,u1_0.enabled,u1_0.organization_level,u1_0.password,u1_0.phone,u1_0.real_name,u1_0.role,u1_0.updated_at,u1_0.username from users u1_0 where u1_0.id=?
Hibernate: insert into work_order (approved_at,approver_id,approver_name,assigned_at,assignee_id,assignee_name,category,completed_at,created_at,creator_dept,creator_id,creator_level,creator_name,deadline,description,priority,sla_minutes,status,title,updated_at,wo_code) values (?,?,?,?,?,?,?,?,?,?,?,?,?,?,?,?,?,?,?,?,?)
Hibernate: insert into work_order_log (action,comment,created_at,from_status,to_status,user_id,user_name,work_order_id) values (?,?,?,?,?,?,?,?)
Hibernate: select wo1_0.id,wo1_0.approved_at,wo1_0.approver_id,wo1_0.approver_name,wo1_0.assigned_at,wo1_0.assignee_id,wo1_0.assignee_name,wo1_0.category,wo1_0.completed_at,wo1_0.created_at,wo1_0.creator_dept,wo1_0.creator_id,wo1_0.creator_level,wo1_0.creator_name,wo1_0.deadline,wo1_0.description,wo1_0.priority,wo1_0.sla_minutes,wo1_0.status,wo1_0.title,wo1_0.updated_at,wo1_0.wo_code from work_order wo1_0 where wo1_0.id=?
Hibernate: select u1_0.id,u1_0.created_at,u1_0.department,u1_0.email,u1_0.enabled,u1_0.organization_level,u1_0.password,u1_0.phone,u1_0.real_name,u1_0.role,u1_0.updated_at,u1_0.username from users u1_0 where u1_0.id=?
Hibernate: select u1_0.id,u1_0.created_at,u1_0.department,u1_0.email,u1_0.enabled,u1_0.organization_level,u1_0.password,u1_0.phone,u1_0.real_name,u1_0.role,u1_0.updated_at,u1_0.username from users u1_0 where u1_0.role=?
Hibernate: insert into approval_flow (approved_at,approver_dept,approver_id,approver_name,approver_role,comment,created_at,status,step_order,work_order_id) values (?,?,?,?,?,?,?,?,?,?)
Hibernate: insert into work_order_log (action,comment,created_at,from_status,to_status,user_id,user_name,work_order_id) values (?,?,?,?,?,?,?,?)
Hibernate: update work_order set approved_at=?,approver_id=?,approver_name=?,assigned_at=?,assignee_id=?,assignee_name=?,category=?,completed_at=?,created_at=?,creator_dept=?,creator_id=?,creator_level=?,creator_name=?,deadline=?,description=?,priority=?,sla_minutes=?,status=?,title=?,updated_at=?,wo_code=? where id=?
Hibernate: select af1_0.id,af1_0.approved_at,af1_0.approver_dept,af1_0.approver_id,af1_0.approver_name,af1_0.approver_role,af1_0.comment,af1_0.created_at,af1_0.status,af1_0.step_order,af1_0.work_order_id from approval_flow af1_0 where af1_0.approver_id=? and af1_0.status='PENDING' order by af1_0.created_at
Hibernate: select wo1_0.id,wo1_0.approved_at,wo1_0.approver_id,wo1_0.approver_name,wo1_0.assigned_at,wo1_0.assignee_id,wo1_0.assignee_name,wo1_0.category,wo1_0.completed_at,wo1_0.created_at,wo1_0.creator_dept,wo1_0.creator_id,wo1_0.creator_level,wo1_0.creator_name,wo1_0.deadline,wo1_0.description,wo1_0.priority,wo1_0.sla_minutes,wo1_0.status,wo1_0.title,wo1_0.updated_at,wo1_0.wo_code from work_order wo1_0
Hibernate: select wo1_0.id,wo1_0.approved_at,wo1_0.approver_id,wo1_0.approver_name,wo1_0.assigned_at,wo1_0.assignee_id,wo1_0.assignee_name,wo1_0.category,wo1_0.completed_at,wo1_0.created_at,wo1_0.creator_dept,wo1_0.creator_id,wo1_0.creator_level,wo1_0.creator_name,wo1_0.deadline,wo1_0.description,wo1_0.priority,wo1_0.sla_minutes,wo1_0.status,wo1_0.title,wo1_0.updated_at,wo1_0.wo_code from work_order wo1_0
Hibernate: select u1_0.id,u1_0.created_at,u1_0.department,u1_0.email,u1_0.enabled,u1_0.organization_level,u1_0.password,u1_0.phone,u1_0.real_name,u1_0.role,u1_0.updated_at,u1_0.username from users u1_0
Hibernate: select af1_0.id,af1_0.approved_at,af1_0.approver_dept,af1_0.approver_id,af1_0.approver_name,af1_0.approver_role,af1_0.comment,af1_0.created_at,af1_0.status,af1_0.step_order,af1_0.work_order_id from approval_flow af1_0 where af1_0.approver_id=? and af1_0.status='PENDING' order by af1_0.created_at
Hibernate: select u1_0.id,u1_0.created_at,u1_0.department,u1_0.email,u1_0.enabled,u1_0.organization_level,u1_0.password,u1_0.phone,u1_0.real_name,u1_0.role,u1_0.updated_at,u1_0.username from users u1_0
Hibernate: select wo1_0.id,wo1_0.approved_at,wo1_0.approver_id,wo1_0.approver_name,wo1_0.assigned_at,wo1_0.assignee_id,wo1_0.assignee_name,wo1_0.category,wo1_0.completed_at,wo1_0.created_at,wo1_0.creator_dept,wo1_0.creator_id,wo1_0.creator_level,wo1_0.creator_name,wo1_0.deadline,wo1_0.description,wo1_0.priority,wo1_0.sla_minutes,wo1_0.status,wo1_0.title,wo1_0.updated_at,wo1_0.wo_code from work_order wo1_0
Hibernate: select wo1_0.id,wo1_0.approved_at,wo1_0.approver_id,wo1_0.approver_name,wo1_0.assigned_at,wo1_0.assignee_id,wo1_0.assignee_name,wo1_0.category,wo1_0.completed_at,wo1_0.created_at,wo1_0.creator_dept,wo1_0.creator_id,wo1_0.creator_level,wo1_0.creator_name,wo1_0.deadline,wo1_0.description,wo1_0.priority,wo1_0.sla_minutes,wo1_0.status,wo1_0.title,wo1_0.updated_at,wo1_0.wo_code from work_order wo1_0
Hibernate: select af1_0.id,af1_0.approved_at,af1_0.approver_dept,af1_0.approver_id,af1_0.approver_name,af1_0.approver_role,af1_0.comment,af1_0.created_at,af1_0.status,af1_0.step_order,af1_0.work_order_id from approval_flow af1_0 where af1_0.approver_id=? and af1_0.status='PENDING' order by af1_0.created_at
Hibernate: select wo1_0.id,wo1_0.approved_at,wo1_0.approver_id,wo1_0.approver_name,wo1_0.assigned_at,wo1_0.assignee_id,wo1_0.assignee_name,wo1_0.category,wo1_0.completed_at,wo1_0.created_at,wo1_0.creator_dept,wo1_0.creator_id,wo1_0.creator_level,wo1_0.creator_name,wo1_0.deadline,wo1_0.description,wo1_0.priority,wo1_0.sla_minutes,wo1_0.status,wo1_0.title,wo1_0.updated_at,wo1_0.wo_code from work_order wo1_0
Hibernate: select u1_0.id,u1_0.created_at,u1_0.department,u1_0.email,u1_0.enabled,u1_0.organization_level,u1_0.password,u1_0.phone,u1_0.real_name,u1_0.role,u1_0.updated_at,u1_0.username from users u1_0
Hibernate: select wo1_0.id,wo1_0.approved_at,wo1_0.approver_id,wo1_0.approver_name,wo1_0.assigned_at,wo1_0.assignee_id,wo1_0.assignee_name,wo1_0.category,wo1_0.completed_at,wo1_0.created_at,wo1_0.creator_dept,wo1_0.creator_id,wo1_0.creator_level,wo1_0.creator_name,wo1_0.deadline,wo1_0.description,wo1_0.priority,wo1_0.sla_minutes,wo1_0.status,wo1_0.title,wo1_0.updated_at,wo1_0.wo_code from work_order wo1_0
Hibernate: select af1_0.id,af1_0.approved_at,af1_0.approver_dept,af1_0.approver_id,af1_0.approver_name,af1_0.approver_role,af1_0.comment,af1_0.created_at,af1_0.status,af1_0.step_order,af1_0.work_order_id from approval_flow af1_0 where af1_0.approver_id=? and af1_0.status='PENDING' order by af1_0.created_at
Hibernate: select af1_0.id,af1_0.approved_at,af1_0.approver_dept,af1_0.approver_id,af1_0.approver_name,af1_0.approver_role,af1_0.comment,af1_0.created_at,af1_0.status,af1_0.step_order,af1_0.work_order_id from approval_flow af1_0 where af1_0.approver_id=? and af1_0.status='PENDING' order by af1_0.created_at
Hibernate: select wo1_0.id,wo1_0.approved_at,wo1_0.approver_id,wo1_0.approver_name,wo1_0.assigned_at,wo1_0.assignee_id,wo1_0.assignee_name,wo1_0.category,wo1_0.completed_at,wo1_0.created_at,wo1_0.creator_dept,wo1_0.creator_id,wo1_0.creator_level,wo1_0.creator_name,wo1_0.deadline,wo1_0.description,wo1_0.priority,wo1_0.sla_minutes,wo1_0.status,wo1_0.title,wo1_0.updated_at,wo1_0.wo_code from work_order wo1_0 where wo1_0.id=?
Hibernate: select wo1_0.id,wo1_0.approved_at,wo1_0.approver_id,wo1_0.approver_name,wo1_0.assigned_at,wo1_0.assignee_id,wo1_0.assignee_name,wo1_0.category,wo1_0.completed_at,wo1_0.created_at,wo1_0.creator_dept,wo1_0.creator_id,wo1_0.creator_level,wo1_0.creator_name,wo1_0.deadline,wo1_0.description,wo1_0.priority,wo1_0.sla_minutes,wo1_0.status,wo1_0.title,wo1_0.updated_at,wo1_0.wo_code from work_order wo1_0 where wo1_0.id=?
Hibernate: select u1_0.id,u1_0.created_at,u1_0.department,u1_0.email,u1_0.enabled,u1_0.organization_level,u1_0.password,u1_0.phone,u1_0.real_name,u1_0.role,u1_0.updated_at,u1_0.username from users u1_0 where u1_0.id=?
Hibernate: select af1_0.id,af1_0.approved_at,af1_0.approver_dept,af1_0.approver_id,af1_0.approver_name,af1_0.approver_role,af1_0.comment,af1_0.created_at,af1_0.status,af1_0.step_order,af1_0.work_order_id from approval_flow af1_0 where af1_0.work_order_id=? and af1_0.status='PENDING' order by af1_0.step_order
Hibernate: update approval_flow set approved_at=?,approver_dept=?,approver_id=?,approver_name=?,approver_role=?,comment=?,created_at=?,status=?,step_order=?,work_order_id=? where id=?
Hibernate: select af1_0.id,af1_0.approved_at,af1_0.approver_dept,af1_0.approver_id,af1_0.approver_name,af1_0.approver_role,af1_0.comment,af1_0.created_at,af1_0.status,af1_0.step_order,af1_0.work_order_id from approval_flow af1_0 where af1_0.work_order_id=? and af1_0.status='PENDING' order by af1_0.step_order
Hibernate: insert into work_order_log (action,comment,created_at,from_status,to_status,user_id,user_name,work_order_id) values (?,?,?,?,?,?,?,?)
Hibernate: update work_order set approved_at=?,approver_id=?,approver_name=?,assigned_at=?,assignee_id=?,assignee_name=?,category=?,completed_at=?,created_at=?,creator_dept=?,creator_id=?,creator_level=?,creator_name=?,deadline=?,description=?,priority=?,sla_minutes=?,status=?,title=?,updated_at=?,wo_code=? where id=?
Hibernate: select u1_0.id,u1_0.created_at,u1_0.department,u1_0.email,u1_0.enabled,u1_0.organization_level,u1_0.password,u1_0.phone,u1_0.real_name,u1_0.role,u1_0.updated_at,u1_0.username from users u1_0 where u1_0.id=?
Hibernate: insert into work_order (approved_at,approver_id,approver_name,assigned_at,assignee_id,assignee_name,category,completed_at,created_at,creator_dept,creator_id,creator_level,creator_name,deadline,description,priority,sla_minutes,status,title,updated_at,wo_code) values (?,?,?,?,?,?,?,?,?,?,?,?,?,?,?,?,?,?,?,?,?)
Hibernate: insert into work_order_log (action,comment,created_at,from_status,to_status,user_id,user_name,work_order_id) values (?,?,?,?,?,?,?,?)
Hibernate: select wo1_0.id,wo1_0.approved_at,wo1_0.approver_id,wo1_0.approver_name,wo1_0.assigned_at,wo1_0.assignee_id,wo1_0.assignee_name,wo1_0.category,wo1_0.completed_at,wo1_0.created_at,wo1_0.creator_dept,wo1_0.creator_id,wo1_0.creator_level,wo1_0.creator_name,wo1_0.deadline,wo1_0.description,wo1_0.priority,wo1_0.sla_minutes,wo1_0.status,wo1_0.title,wo1_0.updated_at,wo1_0.wo_code from work_order wo1_0 where wo1_0.id=?
Hibernate: select u1_0.id,u1_0.created_at,u1_0.department,u1_0.email,u1_0.enabled,u1_0.organization_level,u1_0.password,u1_0.phone,u1_0.real_name,u1_0.role,u1_0.updated_at,u1_0.username from users u1_0 where u1_0.id=?
Hibernate: select u1_0.id,u1_0.created_at,u1_0.department,u1_0.email,u1_0.enabled,u1_0.organization_level,u1_0.password,u1_0.phone,u1_0.real_name,u1_0.role,u1_0.updated_at,u1_0.username from users u1_0 where u1_0.role=?
Hibernate: insert into approval_flow (approved_at,approver_dept,approver_id,approver_name,approver_role,comment,created_at,status,step_order,work_order_id) values (?,?,?,?,?,?,?,?,?,?)
Hibernate: insert into work_order_log (action,comment,created_at,from_status,to_status,user_id,user_name,work_order_id) values (?,?,?,?,?,?,?,?)
Hibernate: update work_order set approved_at=?,approver_id=?,approver_name=?,assigned_at=?,assignee_id=?,assignee_name=?,category=?,completed_at=?,created_at=?,creator_dept=?,creator_id=?,creator_level=?,creator_name=?,deadline=?,description=?,priority=?,sla_minutes=?,status=?,title=?,updated_at=?,wo_code=? where id=?
Hibernate: select wo1_0.id,wo1_0.approved_at,wo1_0.approver_id,wo1_0.approver_name,wo1_0.assigned_at,wo1_0.assignee_id,wo1_0.assignee_name,wo1_0.category,wo1_0.completed_at,wo1_0.created_at,wo1_0.creator_dept,wo1_0.creator_id,wo1_0.creator_level,wo1_0.creator_name,wo1_0.deadline,wo1_0.description,wo1_0.priority,wo1_0.sla_minutes,wo1_0.status,wo1_0.title,wo1_0.updated_at,wo1_0.wo_code from work_order wo1_0 where wo1_0.id=?
Hibernate: select u1_0.id,u1_0.created_at,u1_0.department,u1_0.email,u1_0.enabled,u1_0.organization_level,u1_0.password,u1_0.phone,u1_0.real_name,u1_0.role,u1_0.updated_at,u1_0.username from users u1_0 where u1_0.id=?
Hibernate: select af1_0.id,af1_0.approved_at,af1_0.approver_dept,af1_0.approver_id,af1_0.approver_name,af1_0.approver_role,af1_0.comment,af1_0.created_at,af1_0.status,af1_0.step_order,af1_0.work_order_id from approval_flow af1_0 where af1_0.work_order_id=? and af1_0.status='PENDING' order by af1_0.step_order
Hibernate: update approval_flow set approved_at=?,approver_dept=?,approver_id=?,approver_name=?,approver_role=?,comment=?,created_at=?,status=?,step_order=?,work_order_id=? where id=?
Hibernate: select af1_0.id,af1_0.approved_at,af1_0.approver_dept,af1_0.approver_id,af1_0.approver_name,af1_0.approver_role,af1_0.comment,af1_0.created_at,af1_0.status,af1_0.step_order,af1_0.work_order_id from approval_flow af1_0 where af1_0.work_order_id=? and af1_0.status='PENDING' order by af1_0.step_order
Hibernate: insert into work_order_log (action,comment,created_at,from_status,to_status,user_id,user_name,work_order_id) values (?,?,?,?,?,?,?,?)
Hibernate: update work_order set approved_at=?,approver_id=?,approver_name=?,assigned_at=?,assignee_id=?,assignee_name=?,category=?,completed_at=?,created_at=?,creator_dept=?,creator_id=?,creator_level=?,creator_name=?,deadline=?,description=?,priority=?,sla_minutes=?,status=?,title=?,updated_at=?,wo_code=? where id=?
Hibernate: select af1_0.id,af1_0.approved_at,af1_0.approver_dept,af1_0.approver_id,af1_0.approver_name,af1_0.approver_role,af1_0.comment,af1_0.created_at,af1_0.status,af1_0.step_order,af1_0.work_order_id from approval_flow af1_0 where af1_0.approver_id=? and af1_0.status='PENDING' order by af1_0.created_at
Hibernate: select wo1_0.id,wo1_0.approved_at,wo1_0.approver_id,wo1_0.approver_name,wo1_0.assigned_at,wo1_0.assignee_id,wo1_0.assignee_name,wo1_0.category,wo1_0.completed_at,wo1_0.created_at,wo1_0.creator_dept,wo1_0.creator_id,wo1_0.creator_level,wo1_0.creator_name,wo1_0.deadline,wo1_0.description,wo1_0.priority,wo1_0.sla_minutes,wo1_0.status,wo1_0.title,wo1_0.updated_at,wo1_0.wo_code from work_order wo1_0
Hibernate: select wo1_0.id,wo1_0.approved_at,wo1_0.approver_id,wo1_0.approver_name,wo1_0.assigned_at,wo1_0.assignee_id,wo1_0.assignee_name,wo1_0.category,wo1_0.completed_at,wo1_0.created_at,wo1_0.creator_dept,wo1_0.creator_id,wo1_0.creator_level,wo1_0.creator_name,wo1_0.deadline,wo1_0.description,wo1_0.priority,wo1_0.sla_minutes,wo1_0.status,wo1_0.title,wo1_0.updated_at,wo1_0.wo_code from work_order wo1_0 where wo1_0.id=?
Hibernate: select u1_0.id,u1_0.created_at,u1_0.department,u1_0.email,u1_0.enabled,u1_0.organization_level,u1_0.password,u1_0.phone,u1_0.real_name,u1_0.role,u1_0.updated_at,u1_0.username from users u1_0 where u1_0.id=?
Hibernate: select u1_0.id,u1_0.created_at,u1_0.department,u1_0.email,u1_0.enabled,u1_0.organization_level,u1_0.password,u1_0.phone,u1_0.real_name,u1_0.role,u1_0.updated_at,u1_0.username from users u1_0 where u1_0.id=?
Hibernate: insert into work_order_log (action,comment,created_at,from_status,to_status,user_id,user_name,work_order_id) values (?,?,?,?,?,?,?,?)
Hibernate: update work_order set approved_at=?,approver_id=?,approver_name=?,assigned_at=?,assignee_id=?,assignee_name=?,category=?,completed_at=?,created_at=?,creator_dept=?,creator_id=?,creator_level=?,creator_name=?,deadline=?,description=?,priority=?,sla_minutes=?,status=?,title=?,updated_at=?,wo_code=? where id=?
